::1 - - [25/Sep/2023:16:43:34 +0300] "GET / HTTP/1.1" 200 84626
::1 - - [25/Sep/2023:16:43:34 +0300] "GET /favicon.ico HTTP/1.1" 404 295
127.0.0.1 - - [25/Sep/2023:16:44:13 +0300] "GET / HTTP/1.1" 200 82655
127.0.0.1 - - [25/Sep/2023:16:44:13 +0300] "GET /favicon.ico HTTP/1.1" 404 294
127.0.0.1 - - [25/Sep/2023:16:45:58 +0300] "GET / HTTP/1.1" 200 3
127.0.0.1 - - [25/Sep/2023:16:51:41 +0300] "GET / HTTP/1.1" 302 -
127.0.0.1 - - [25/Sep/2023:16:51:41 +0300] "GET /page500.html HTTP/1.1" 200 329
127.0.0.1 - - [25/Sep/2023:16:54:23 +0300] "GET /page500.html HTTP/1.1" 200 20
127.0.0.1 - - [25/Sep/2023:16:54:24 +0300] "GET /page500.html HTTP/1.1" 200 20
127.0.0.1 - - [25/Sep/2023:16:54:24 +0300] "GET /page500.html HTTP/1.1" 200 20
127.0.0.1 - - [25/Sep/2023:16:54:49 +0300] "GET /page500.html HTTP/1.1" 200 20
127.0.0.1 - - [25/Sep/2023:16:54:49 +0300] "GET /page500.html HTTP/1.1" 200 20
127.0.0.1 - - [25/Sep/2023:16:59:49 +0300] "-" 408 -
127.0.0.1 - - [25/Sep/2023:17:02:55 +0300] "GET /page500.html HTTP/1.1" 200 20
127.0.0.1 - - [25/Sep/2023:17:02:55 +0300] "GET /page500.html HTTP/1.1" 200 20
127.0.0.1 - - [25/Sep/2023:17:02:55 +0300] "GET /page500.html HTTP/1.1" 200 20
127.0.0.1 - - [25/Sep/2023:17:02:55 +0300] "GET /page500.html HTTP/1.1" 200 20
127.0.0.1 - - [25/Sep/2023:17:02:56 +0300] "GET /page500.html HTTP/1.1" 200 20
127.0.0.1 - - [25/Sep/2023:17:03:16 +0300] "GET /page500.html HTTP/1.1" 200 20
127.0.0.1 - - [25/Sep/2023:17:03:17 +0300] "GET /page500.html HTTP/1.1" 200 20
127.0.0.1 - - [25/Sep/2023:17:03:48 +0300] "GET /page500.html HTTP/1.1" 200 20
127.0.0.1 - - [25/Sep/2023:17:03:49 +0300] "GET /page500.html HTTP/1.1" 200 20
127.0.0.1 - - [25/Sep/2023:17:03:49 +0300] "GET /page500.html HTTP/1.1" 200 20
127.0.0.1 - - [25/Sep/2023:17:05:20 +0300] "GET /page500.html HTTP/1.1" 200 149
127.0.0.1 - - [25/Sep/2023:17:05:20 +0300] "GET /page500.html HTTP/1.1" 200 149
127.0.0.1 - - [25/Sep/2023:17:05:20 +0300] "GET /page500.html HTTP/1.1" 200 149
127.0.0.1 - - [25/Sep/2023:17:06:02 +0300] "GET /page500.html HTTP/1.1" 200 33
127.0.0.1 - - [25/Sep/2023:17:06:09 +0300] "GET /page500.html HTTP/1.1" 200 219
127.0.0.1 - - [25/Sep/2023:17:06:12 +0300] "GET /page500.html HTTP/1.1" 200 35
127.0.0.1 - - [25/Sep/2023:17:06:12 +0300] "GET /page500.html HTTP/1.1" 200 35
127.0.0.1 - - [25/Sep/2023:17:06:13 +0300] "GET /page500.html HTTP/1.1" 200 35
127.0.0.1 - - [25/Sep/2023:17:06:23 +0300] "GET /page500.html HTTP/1.1" 200 209
127.0.0.1 - - [25/Sep/2023:17:06:27 +0300] "GET /page500.html HTTP/1.1" 200 38
127.0.0.1 - - [25/Sep/2023:17:06:28 +0300] "GET /page500.html HTTP/1.1" 200 38
127.0.0.1 - - [25/Sep/2023:17:09:03 +0300] "GET /page500.html HTTP/1.1" 200 38
127.0.0.1 - - [25/Sep/2023:17:09:03 +0300] "GET /page500.html HTTP/1.1" 200 38
127.0.0.1 - - [25/Sep/2023:17:09:03 +0300] "GET /page500.html HTTP/1.1" 200 38
127.0.0.1 - - [25/Sep/2023:17:09:32 +0300] "GET /page500.html HTTP/1.1" 200 38
127.0.0.1 - - [25/Sep/2023:17:09:33 +0300] "GET /page500.html HTTP/1.1" 200 38
127.0.0.1 - - [25/Sep/2023:17:09:33 +0300] "GET /page500.html HTTP/1.1" 200 38
127.0.0.1 - - [25/Sep/2023:17:09:33 +0300] "GET /page500.html HTTP/1.1" 200 38
127.0.0.1 - - [25/Sep/2023:17:09:34 +0300] "GET /page500.html HTTP/1.1" 200 38
127.0.0.1 - - [25/Sep/2023:17:09:34 +0300] "GET /page500.html HTTP/1.1" 200 38
127.0.0.1 - - [25/Sep/2023:17:09:34 +0300] "GET /page500.html HTTP/1.1" 200 38
127.0.0.1 - - [25/Sep/2023:17:09:35 +0300] "GET /page500.html HTTP/1.1" 200 38
127.0.0.1 - - [25/Sep/2023:17:09:35 +0300] "GET /page500.html HTTP/1.1" 200 38
127.0.0.1 - - [25/Sep/2023:17:09:36 +0300] "GET /page500.html HTTP/1.1" 200 38
127.0.0.1 - - [25/Sep/2023:17:09:40 +0300] "GET /page500.html HTTP/1.1" 200 38
127.0.0.1 - - [25/Sep/2023:17:09:40 +0300] "GET /page500.html HTTP/1.1" 200 38
127.0.0.1 - - [25/Sep/2023:17:09:40 +0300] "GET /page500.html HTTP/1.1" 200 38
127.0.0.1 - - [25/Sep/2023:17:09:40 +0300] "GET /page500.html HTTP/1.1" 200 38
127.0.0.1 - - [25/Sep/2023:17:11:46 +0300] "GET /page500.html HTTP/1.1" 200 38
127.0.0.1 - - [25/Sep/2023:17:11:50 +0300] "GET / HTTP/1.1" 200 6433
127.0.0.1 - - [25/Sep/2023:17:11:50 +0300] "GET /style.css HTTP/1.1" 200 256
127.0.0.1 - - [25/Sep/2023:17:11:50 +0300] "GET /php.png HTTP/1.1" 200 201620
127.0.0.1 - - [25/Sep/2023:17:11:59 +0300] "GET / HTTP/1.1" 200 6465
127.0.0.1 - - [25/Sep/2023:17:11:59 +0300] "GET /style.css HTTP/1.1" 200 241
127.0.0.1 - - [25/Sep/2023:17:11:59 +0300] "GET /php.png HTTP/1.1" 200 201607
127.0.0.1 - - [25/Sep/2023:17:11:59 +0300] "GET / HTTP/1.1" 200 6465
127.0.0.1 - - [25/Sep/2023:17:11:59 +0300] "GET /style.css HTTP/1.1" 200 241
127.0.0.1 - - [25/Sep/2023:17:11:59 +0300] "GET /php.png HTTP/1.1" 200 201607
127.0.0.1 - - [25/Sep/2023:17:12:09 +0300] "GET /style.css HTTP/1.1" 200 241
127.0.0.1 - - [25/Sep/2023:17:13:01 +0300] "GET /about HTTP/1.1" 200 3358
127.0.0.1 - - [25/Sep/2023:17:13:01 +0300] "GET /style.css HTTP/1.1" 200 241
127.0.0.1 - - [25/Sep/2023:17:13:04 +0300] "GET /db HTTP/1.1" 200 4803
127.0.0.1 - - [25/Sep/2023:17:13:04 +0300] "GET /style.css HTTP/1.1" 200 241
127.0.0.1 - - [25/Sep/2023:17:14:34 +0300] "GET /db HTTP/1.1" 200 4803
127.0.0.1 - - [25/Sep/2023:17:14:34 +0300] "GET /style.css HTTP/1.1" 200 241
127.0.0.1 - - [25/Sep/2023:17:14:34 +0300] "GET /db HTTP/1.1" 200 4803
127.0.0.1 - - [25/Sep/2023:17:14:34 +0300] "GET /style.css HTTP/1.1" 200 241
127.0.0.1 - - [25/Sep/2023:17:14:34 +0300] "GET /db HTTP/1.1" 200 4803
127.0.0.1 - - [25/Sep/2023:17:14:34 +0300] "GET /style.css HTTP/1.1" 200 241
127.0.0.1 - - [25/Sep/2023:17:15:50 +0300] "GET /db HTTP/1.1" 200 4803
127.0.0.1 - - [25/Sep/2023:17:15:50 +0300] "GET /style.css HTTP/1.1" 200 241
127.0.0.1 - - [25/Sep/2023:17:15:51 +0300] "GET /db HTTP/1.1" 200 4803
127.0.0.1 - - [25/Sep/2023:17:15:51 +0300] "GET /style.css HTTP/1.1" 200 241
127.0.0.1 - - [25/Sep/2023:17:15:51 +0300] "GET /db HTTP/1.1" 200 4803
127.0.0.1 - - [25/Sep/2023:17:15:51 +0300] "GET /style.css HTTP/1.1" 200 241
127.0.0.1 - - [25/Sep/2023:17:18:10 +0300] "GET /db HTTP/1.1" 200 4805
127.0.0.1 - - [25/Sep/2023:17:18:10 +0300] "GET /style.css HTTP/1.1" 200 241
127.0.0.1 - - [25/Sep/2023:17:18:12 +0300] "GET /db HTTP/1.1" 200 4805
127.0.0.1 - - [25/Sep/2023:17:18:12 +0300] "GET /style.css HTTP/1.1" 200 241
127.0.0.1 - - [25/Sep/2023:17:18:25 +0300] "GET /db HTTP/1.1" 200 4805
127.0.0.1 - - [25/Sep/2023:17:18:25 +0300] "GET /style.css HTTP/1.1" 200 241
::1 - - [25/Sep/2023:17:35:42 +0300] "GET / HTTP/1.1" 200 6726
::1 - - [25/Sep/2023:17:35:43 +0300] "GET /style.css HTTP/1.1" 200 241
::1 - - [25/Sep/2023:17:35:43 +0300] "GET /php.png HTTP/1.1" 200 201607
127.0.0.1 - - [25/Sep/2023:17:36:58 +0300] "GET /db HTTP/1.1" 200 4805
127.0.0.1 - - [25/Sep/2023:17:36:58 +0300] "GET /style.css HTTP/1.1" 200 241
127.0.0.1 - - [25/Sep/2023:17:41:58 +0300] "-" 408 -
::1 - - [02/Oct/2023:17:08:12 +0300] "GET /phpmyadmin/ HTTP/1.1" 200 19597
::1 - - [02/Oct/2023:17:08:19 +0300] "GET /phpmyadmin/themes/pmahomme/jquery/jquery-ui.css HTTP/1.1" 200 36566
::1 - - [02/Oct/2023:17:08:19 +0300] "GET /phpmyadmin/js/vendor/codemirror/lib/codemirror.css?v=5.2.1 HTTP/1.1" 200 8720
::1 - - [02/Oct/2023:17:08:19 +0300] "GET /phpmyadmin/js/vendor/codemirror/addon/hint/show-hint.css?v=5.2.1 HTTP/1.1" 200 649
::1 - - [02/Oct/2023:17:08:19 +0300] "GET /phpmyadmin/themes/pmahomme/css/theme.css?v=5.2.1 HTTP/1.1" 200 357367
::1 - - [02/Oct/2023:17:08:19 +0300] "GET /phpmyadmin/js/vendor/jquery/jquery-migrate.min.js?v=5.2.1 HTTP/1.1" 200 13467
::1 - - [02/Oct/2023:17:08:19 +0300] "GET /phpmyadmin/js/vendor/sprintf.js?v=5.2.1 HTTP/1.1" 200 7409
::1 - - [02/Oct/2023:17:08:19 +0300] "GET /phpmyadmin/js/vendor/codemirror/addon/lint/lint.css?v=5.2.1 HTTP/1.1" 200 3035
::1 - - [02/Oct/2023:17:08:19 +0300] "GET /phpmyadmin/js/dist/ajax.js?v=5.2.1 HTTP/1.1" 200 29948
::1 - - [02/Oct/2023:17:08:19 +0300] "GET /phpmyadmin/js/dist/keyhandler.js?v=5.2.1 HTTP/1.1" 200 2059
::1 - - [02/Oct/2023:17:08:19 +0300] "GET /phpmyadmin/js/dist/name-conflict-fixes.js?v=5.2.1 HTTP/1.1" 200 43
::1 - - [02/Oct/2023:17:08:19 +0300] "GET /phpmyadmin/js/vendor/jquery/jquery.min.js?v=5.2.1 HTTP/1.1" 200 89947
::1 - - [02/Oct/2023:17:08:19 +0300] "GET /phpmyadmin/js/vendor/js.cookie.js?v=5.2.1 HTTP/1.1" 200 3883
::1 - - [02/Oct/2023:17:08:19 +0300] "GET /phpmyadmin/js/vendor/jquery/jquery.validate.min.js?v=5.2.1 HTTP/1.1" 200 24601
::1 - - [02/Oct/2023:17:08:19 +0300] "GET /phpmyadmin/js/vendor/bootstrap/bootstrap.bundle.min.js?v=5.2.1 HTTP/1.1" 200 80420
::1 - - [02/Oct/2023:17:08:19 +0300] "GET /phpmyadmin/js/vendor/jquery/jquery.debounce-1.0.6.js?v=5.2.1 HTTP/1.1" 200 1608
::1 - - [02/Oct/2023:17:08:19 +0300] "GET /phpmyadmin/js/vendor/jquery/jquery-ui-timepicker-addon.js?v=5.2.1 HTTP/1.1" 200 78475
::1 - - [02/Oct/2023:17:08:19 +0300] "GET /phpmyadmin/js/dist/menu_resizer.js?v=5.2.1 HTTP/1.1" 200 5729
::1 - - [02/Oct/2023:17:08:19 +0300] "GET /phpmyadmin/js/dist/cross_framing_protection.js?v=5.2.1 HTTP/1.1" 200 405
::1 - - [02/Oct/2023:17:08:19 +0300] "GET /phpmyadmin/js/dist/config.js?v=5.2.1 HTTP/1.1" 200 24059
::1 - - [02/Oct/2023:17:08:19 +0300] "GET /phpmyadmin/js/vendor/jquery/jquery-ui.min.js?v=5.2.1 HTTP/1.1" 200 255084
::1 - - [02/Oct/2023:17:08:19 +0300] "GET /phpmyadmin/js/dist/doclinks.js?v=5.2.1 HTTP/1.1" 200 18276
::1 - - [02/Oct/2023:17:08:19 +0300] "GET /phpmyadmin/js/dist/navigation.js?v=5.2.1 HTTP/1.1" 200 51830
::1 - - [02/Oct/2023:17:08:19 +0300] "GET /phpmyadmin/js/dist/functions.js?v=5.2.1 HTTP/1.1" 200 148069
::1 - - [02/Oct/2023:17:08:19 +0300] "GET /phpmyadmin/js/dist/indexes.js?v=5.2.1 HTTP/1.1" 200 26962
::1 - - [02/Oct/2023:17:08:19 +0300] "GET /phpmyadmin/js/dist/common.js?v=5.2.1 HTTP/1.1" 200 4530
::1 - - [02/Oct/2023:17:08:19 +0300] "GET /phpmyadmin/js/dist/page_settings.js?v=5.2.1 HTTP/1.1" 200 1818
::1 - - [02/Oct/2023:17:08:19 +0300] "GET /phpmyadmin/js/dist/home.js?v=5.2.1 HTTP/1.1" 200 5275
::1 - - [02/Oct/2023:17:08:19 +0300] "GET /phpmyadmin/js/vendor/codemirror/mode/sql/sql.js?v=5.2.1 HTTP/1.1" 200 59564
::1 - - [02/Oct/2023:17:08:19 +0300] "GET /phpmyadmin/js/vendor/codemirror/addon/runmode/runmode.js?v=5.2.1 HTTP/1.1" 200 2777
::1 - - [02/Oct/2023:17:08:19 +0300] "GET /phpmyadmin/js/vendor/codemirror/addon/hint/show-hint.js?v=5.2.1 HTTP/1.1" 200 19792
::1 - - [02/Oct/2023:17:08:19 +0300] "GET /phpmyadmin/js/vendor/codemirror/addon/hint/sql-hint.js?v=5.2.1 HTTP/1.1" 200 9560
::1 - - [02/Oct/2023:17:08:19 +0300] "GET /phpmyadmin/js/dist/codemirror/addon/lint/sql-lint.js?v=5.2.1 HTTP/1.1" 200 940
::1 - - [02/Oct/2023:17:08:19 +0300] "GET /phpmyadmin/js/vendor/codemirror/addon/lint/lint.js?v=5.2.1 HTTP/1.1" 200 9987
::1 - - [02/Oct/2023:17:08:19 +0300] "GET /phpmyadmin/js/vendor/tracekit.js?v=5.2.1 HTTP/1.1" 200 47128
::1 - - [02/Oct/2023:17:08:19 +0300] "GET /phpmyadmin/js/dist/error_report.js?v=5.2.1 HTTP/1.1" 200 9264
::1 - - [02/Oct/2023:17:08:19 +0300] "GET /phpmyadmin/js/vendor/codemirror/lib/codemirror.js?v=5.2.1 HTTP/1.1" 200 401653
::1 - - [02/Oct/2023:17:08:19 +0300] "GET /phpmyadmin/js/dist/shortcuts_handler.js?v=5.2.1 HTTP/1.1" 200 3303
::1 - - [02/Oct/2023:17:08:19 +0300] "GET /phpmyadmin/js/dist/drag_drop_import.js?v=5.2.1 HTTP/1.1" 200 12431
::1 - - [02/Oct/2023:17:08:19 +0300] "GET /phpmyadmin/js/dist/console.js?v=5.2.1 HTTP/1.1" 200 49548
::1 - - [02/Oct/2023:17:08:19 +0300] "GET /phpmyadmin/themes/pmahomme/img/logo_left.png HTTP/1.1" 200 2713
::1 - - [02/Oct/2023:17:08:19 +0300] "GET /phpmyadmin/themes/dot.gif HTTP/1.1" 200 43
::1 - - [02/Oct/2023:17:08:19 +0300] "GET /phpmyadmin/js/messages.php?l=ru&v=5.2.1&lang=ru HTTP/1.1" 200 12854
::1 - - [02/Oct/2023:17:08:19 +0300] "GET /phpmyadmin/themes/pmahomme/img/b_home.png HTTP/1.1" 200 734
::1 - - [02/Oct/2023:17:08:19 +0300] "GET /phpmyadmin/themes/pmahomme/img/s_loggoff.png HTTP/1.1" 200 626
::1 - - [02/Oct/2023:17:08:19 +0300] "GET /phpmyadmin/themes/pmahomme/img/s_cog.png HTTP/1.1" 200 442
::1 - - [02/Oct/2023:17:08:19 +0300] "GET /phpmyadmin/themes/pmahomme/img/b_docs.png HTTP/1.1" 200 705
::1 - - [02/Oct/2023:17:08:19 +0300] "GET /phpmyadmin/themes/pmahomme/img/s_reload.png HTTP/1.1" 200 527
::1 - - [02/Oct/2023:17:08:19 +0300] "GET /phpmyadmin/themes/pmahomme/img/b_sqlhelp.png HTTP/1.1" 200 512
::1 - - [02/Oct/2023:17:08:19 +0300] "GET /phpmyadmin/themes/pmahomme/img/s_collapseall.png HTTP/1.1" 200 143
::1 - - [02/Oct/2023:17:08:19 +0300] "GET /phpmyadmin/themes/pmahomme/img/s_link.png HTTP/1.1" 200 280
::1 - - [02/Oct/2023:17:08:19 +0300] "GET /phpmyadmin/themes/pmahomme/img/b_plus.png HTTP/1.1" 200 143
::1 - - [02/Oct/2023:17:08:19 +0300] "GET /phpmyadmin/themes/pmahomme/img/s_db.png HTTP/1.1" 200 328
::1 - - [02/Oct/2023:17:08:19 +0300] "GET /phpmyadmin/themes/pmahomme/img/b_newdb.png HTTP/1.1" 200 585
::1 - - [02/Oct/2023:17:08:19 +0300] "GET /phpmyadmin/themes/pmahomme/img/s_host.png HTTP/1.1" 200 591
::1 - - [02/Oct/2023:17:08:19 +0300] "GET /phpmyadmin/themes/pmahomme/img/b_sql.png HTTP/1.1" 200 680
::1 - - [02/Oct/2023:17:08:19 +0300] "GET /phpmyadmin/themes/pmahomme/img/s_status.png HTTP/1.1" 200 600
::1 - - [02/Oct/2023:17:08:19 +0300] "GET /phpmyadmin/themes/pmahomme/img/b_import.png HTTP/1.1" 200 556
::1 - - [02/Oct/2023:17:08:19 +0300] "GET /phpmyadmin/themes/pmahomme/img/s_replication.png HTTP/1.1" 200 399
::1 - - [02/Oct/2023:17:08:19 +0300] "GET /phpmyadmin/themes/pmahomme/img/b_export.png HTTP/1.1" 200 514
::1 - - [02/Oct/2023:17:08:19 +0300] "GET /phpmyadmin/themes/pmahomme/img/b_tblops.png HTTP/1.1" 200 537
::1 - - [02/Oct/2023:17:08:19 +0300] "GET /phpmyadmin/themes/pmahomme/img/s_rights.png HTTP/1.1" 200 461
::1 - - [02/Oct/2023:17:08:19 +0300] "GET /phpmyadmin/themes/pmahomme/img/s_vars.png HTTP/1.1" 200 523
::1 - - [02/Oct/2023:17:08:19 +0300] "GET /phpmyadmin/themes/pmahomme/img/b_help.png HTTP/1.1" 200 705
::1 - - [02/Oct/2023:17:08:19 +0300] "GET /phpmyadmin/themes/pmahomme/img/b_engine.png HTTP/1.1" 200 398
::1 - - [02/Oct/2023:17:08:19 +0300] "GET /phpmyadmin/themes/pmahomme/img/s_asci.png HTTP/1.1" 200 148
::1 - - [02/Oct/2023:17:08:19 +0300] "GET /phpmyadmin/themes/pmahomme/img/b_plugin.png HTTP/1.1" 200 512
::1 - - [02/Oct/2023:17:08:19 +0300] "GET /phpmyadmin/themes/pmahomme/img/console.png HTTP/1.1" 200 292
::1 - - [02/Oct/2023:17:08:19 +0300] "GET /phpmyadmin/themes/pmahomme/img/s_top.png HTTP/1.1" 200 220
::1 - - [02/Oct/2023:17:08:19 +0300] "GET /phpmyadmin/themes/pmahomme/img/s_lang.png HTTP/1.1" 200 659
::1 - - [02/Oct/2023:17:08:19 +0300] "GET /phpmyadmin/themes/pmahomme/img/s_theme.png HTTP/1.1" 200 772
::1 - - [02/Oct/2023:17:08:19 +0300] "GET /phpmyadmin/themes/pmahomme/img/window-new.png HTTP/1.1" 200 468
::1 - - [02/Oct/2023:17:08:19 +0300] "GET /phpmyadmin/themes/pmahomme/img/s_error.png HTTP/1.1" 200 614
::1 - - [02/Oct/2023:17:08:19 +0300] "GET /phpmyadmin/themes/pmahomme/img/b_more.png HTTP/1.1" 200 111
::1 - - [02/Oct/2023:17:08:20 +0300] "GET /phpmyadmin/favicon.ico HTTP/1.1" 200 22486
::1 - - [02/Oct/2023:17:08:19 +0300] "POST /phpmyadmin/index.php?route=/navigation&ajax_request=1 HTTP/1.1" 200 2543
::1 - - [02/Oct/2023:17:08:19 +0300] "POST /phpmyadmin/index.php?route=/config/get HTTP/1.1" 200 1623
::1 - - [02/Oct/2023:17:08:19 +0300] "POST /phpmyadmin/index.php?route=/config/get HTTP/1.1" 200 1717
::1 - - [02/Oct/2023:17:08:19 +0300] "POST /phpmyadmin/index.php?route=/version-check HTTP/1.1" 200 64
::1 - - [02/Oct/2023:17:08:20 +0300] "POST /phpmyadmin/index.php?route=/config/set HTTP/1.1" 200 1614
::1 - - [02/Oct/2023:17:08:24 +0300] "GET /phpmyadmin/themes/pmahomme/img/ajax_clock_small.gif HTTP/1.1" 200 1810
::1 - - [02/Oct/2023:17:08:24 +0300] "POST /phpmyadmin/index.php?route=/navigation&ajax_request=1 HTTP/1.1" 200 1640
::1 - - [02/Oct/2023:17:08:24 +0300] "GET /phpmyadmin/themes/pmahomme/img/b_minus.png HTTP/1.1" 200 123
::1 - - [02/Oct/2023:17:08:32 +0300] "GET / HTTP/1.1" 200 6726
::1 - - [02/Oct/2023:17:08:32 +0300] "GET /style.css HTTP/1.1" 200 241
::1 - - [02/Oct/2023:17:08:32 +0300] "GET /php.png HTTP/1.1" 200 201607
::1 - - [02/Oct/2023:17:08:33 +0300] "GET /favicon.ico HTTP/1.1" 200 20
::1 - - [02/Oct/2023:17:08:38 +0300] "GET /db HTTP/1.1" 200 4805
::1 - - [02/Oct/2023:17:08:38 +0300] "GET /style.css HTTP/1.1" 200 241
::1 - - [02/Oct/2023:17:08:38 +0300] "GET /favicon.ico HTTP/1.1" 200 20
::1 - - [02/Oct/2023:17:09:38 +0300] "GET /phpmyadmin/index.php?route=/database/structure&db=test&ajax_request=true&ajax_page_request=true&_nocache=169625577867242795&token=2f3b73692a4f5246586b4e6c416e5465 HTTP/1.1" 200 3748
::1 - - [02/Oct/2023:17:09:39 +0300] "GET /phpmyadmin/themes/pmahomme/img/b_props.png HTTP/1.1" 200 573
::1 - - [02/Oct/2023:17:09:39 +0300] "GET /phpmyadmin/themes/pmahomme/img/b_search.png HTTP/1.1" 200 538
::1 - - [02/Oct/2023:17:09:39 +0300] "GET /phpmyadmin/themes/pmahomme/img/b_relations.png HTTP/1.1" 200 140
::1 - - [02/Oct/2023:17:09:39 +0300] "GET /phpmyadmin/themes/pmahomme/img/b_events.png HTTP/1.1" 200 703
::1 - - [02/Oct/2023:17:09:39 +0300] "GET /phpmyadmin/themes/pmahomme/img/b_triggers.png HTTP/1.1" 200 446
::1 - - [02/Oct/2023:17:09:39 +0300] "GET /phpmyadmin/themes/pmahomme/img/b_routines.png HTTP/1.1" 200 306
::1 - - [02/Oct/2023:17:09:39 +0300] "GET /phpmyadmin/themes/pmahomme/img/s_notice.png HTTP/1.1" 200 567
::1 - - [02/Oct/2023:17:09:39 +0300] "GET /phpmyadmin/themes/pmahomme/img/b_table_add.png HTTP/1.1" 200 571
::1 - - [02/Oct/2023:17:09:39 +0300] "GET /phpmyadmin/js/dist/table/change.js?v=5.2.1 HTTP/1.1" 200 29082
::1 - - [02/Oct/2023:17:09:39 +0300] "GET /phpmyadmin/js/dist/database/structure.js?v=5.2.1 HTTP/1.1" 200 14685
::1 - - [02/Oct/2023:17:09:41 +0300] "POST /phpmyadmin/index.php?route=/navigation&ajax_request=1 HTTP/1.1" 200 2588
::1 - - [02/Oct/2023:17:09:42 +0300] "GET /phpmyadmin/themes/pmahomme/img/b_views.png HTTP/1.1" 200 603
::1 - - [02/Oct/2023:17:09:42 +0300] "GET /phpmyadmin/themes/pmahomme/img/b_browse.png HTTP/1.1" 200 486
::1 - - [02/Oct/2023:17:09:43 +0300] "POST /phpmyadmin/index.php?route=/navigation&ajax_request=1 HTTP/1.1" 200 3681
::1 - - [02/Oct/2023:17:10:04 +0300] "POST /phpmyadmin/index.php?route=/navigation&ajax_request=1 HTTP/1.1" 200 1640
::1 - - [02/Oct/2023:17:10:10 +0300] "GET /phpmyadmin/index.php?lang=ru&ajax_request=true&ajax_page_request=true&_nocache=1696255810234174794&token=2f3b73692a4f5246586b4e6c416e5465 HTTP/1.1" 200 10005
::1 - - [02/Oct/2023:17:10:10 +0300] "POST /phpmyadmin/index.php?route=/version-check HTTP/1.1" 200 64
::1 - - [02/Oct/2023:17:10:17 +0300] "GET /phpmyadmin/index.php?route=/server/sql&ajax_request=true&ajax_page_request=true&_nocache=1696255817736575687&token=2f3b73692a4f5246586b4e6c416e5465 HTTP/1.1" 200 5972
::1 - - [02/Oct/2023:17:10:18 +0300] "GET /phpmyadmin/js/vendor/jquery/jquery.uitablefilter.js?v=5.2.1 HTTP/1.1" 200 3139
::1 - - [02/Oct/2023:17:10:18 +0300] "GET /phpmyadmin/js/dist/sql.js?v=5.2.1 HTTP/1.1" 200 35541
::1 - - [02/Oct/2023:17:10:18 +0300] "GET /phpmyadmin/js/dist/makegrid.js?v=5.2.1 HTTP/1.1" 200 81012
::1 - - [02/Oct/2023:17:10:24 +0300] "GET /phpmyadmin/index.php?route=/server/privileges&viewing_mode=server&ajax_request=true&ajax_page_request=true&_nocache=1696255824585538534&token=2f3b73692a4f5246586b4e6c416e5465 HTTP/1.1" 200 4470
::1 - - [02/Oct/2023:17:10:24 +0300] "GET /phpmyadmin/themes/pmahomme/img/b_tblexport.png HTTP/1.1" 200 514
::1 - - [02/Oct/2023:17:10:24 +0300] "GET /phpmyadmin/themes/pmahomme/img/b_usredit.png HTTP/1.1" 200 757
::1 - - [02/Oct/2023:17:10:24 +0300] "GET /phpmyadmin/themes/pmahomme/img/s_lock.png HTTP/1.1" 200 667
::1 - - [02/Oct/2023:17:10:24 +0300] "GET /phpmyadmin/themes/pmahomme/img/b_usrdrop.png HTTP/1.1" 200 697
::1 - - [02/Oct/2023:17:10:24 +0300] "GET /phpmyadmin/themes/pmahomme/img/b_usradd.png HTTP/1.1" 200 670
::1 - - [02/Oct/2023:17:10:24 +0300] "GET /phpmyadmin/themes/pmahomme/img/arrow_ltr.png HTTP/1.1" 200 101
::1 - - [02/Oct/2023:17:10:24 +0300] "GET /phpmyadmin/js/dist/server/privileges.js?v=5.2.1 HTTP/1.1" 200 15734
::1 - - [02/Oct/2023:17:10:24 +0300] "GET /phpmyadmin/js/vendor/zxcvbn-ts.js?v=5.2.1 HTTP/1.1" 200 77250
::1 - - [02/Oct/2023:17:10:46 +0300] "GET /phpmyadmin/index.php?route=/server/privileges&username=admin&hostname=localhost&dbname=&tablename=&routinename=&ajax_request=true&ajax_page_request=true&_nocache=1696255846267355162&token=2f3b73692a4f5246586b4e6c416e5465 HTTP/1.1" 200 8242
::1 - - [02/Oct/2023:17:10:52 +0300] "POST /phpmyadmin/index.php?route=/server/privileges HTTP/1.1" 200 9209
::1 - - [02/Oct/2023:17:10:52 +0300] "GET /phpmyadmin/themes/pmahomme/img/s_success.png HTTP/1.1" 200 465
::1 - - [02/Oct/2023:17:10:58 +0300] "POST /phpmyadmin/index.php?route=/server/privileges HTTP/1.1" 200 9209
::1 - - [02/Oct/2023:17:11:01 +0300] "GET /phpmyadmin/index.php?route=/server/privileges&viewing_mode=server&ajax_request=true&ajax_page_request=true&_nocache=1696255861683188760&token=2f3b73692a4f5246586b4e6c416e5465 HTTP/1.1" 200 4469
::1 - - [02/Oct/2023:17:11:11 +0300] "GET /phpmyadmin/index.php?route=/server/privileges&viewing_mode=server HTTP/1.1" 200 14027
::1 - - [02/Oct/2023:17:11:11 +0300] "GET /phpmyadmin/js/messages.php?l=ru&v=5.2.1 HTTP/1.1" 200 12854
::1 - - [02/Oct/2023:17:11:11 +0300] "POST /phpmyadmin/index.php?route=/config/get HTTP/1.1" 200 1623
::1 - - [02/Oct/2023:17:11:11 +0300] "POST /phpmyadmin/index.php?route=/navigation&ajax_request=1 HTTP/1.1" 200 3329
::1 - - [02/Oct/2023:17:11:11 +0300] "POST /phpmyadmin/index.php?route=/config/get HTTP/1.1" 200 1715
::1 - - [02/Oct/2023:17:11:11 +0300] "POST /phpmyadmin/index.php?route=/config/set HTTP/1.1" 200 1614
::1 - - [02/Oct/2023:17:11:22 +0300] "GET /db HTTP/1.1" 200 5005
::1 - - [02/Oct/2023:17:11:22 +0300] "GET /style.css HTTP/1.1" 200 241
::1 - - [02/Oct/2023:17:11:22 +0300] "GET /favicon.ico HTTP/1.1" 200 20
::1 - - [02/Oct/2023:17:11:22 +0300] "GET /db HTTP/1.1" 200 5005
::1 - - [02/Oct/2023:17:11:22 +0300] "GET /style.css HTTP/1.1" 200 241
::1 - - [02/Oct/2023:17:11:22 +0300] "GET /favicon.ico HTTP/1.1" 200 20
::1 - - [02/Oct/2023:17:12:18 +0300] "GET /style.css HTTP/1.1" 200 241
::1 - - [02/Oct/2023:17:13:03 +0300] "GET /db HTTP/1.1" 200 5003
::1 - - [02/Oct/2023:17:13:03 +0300] "GET /style.css HTTP/1.1" 200 241
::1 - - [02/Oct/2023:17:13:03 +0300] "GET /favicon.ico HTTP/1.1" 200 20
::1 - - [02/Oct/2023:17:35:07 +0300] "POST /phpmyadmin/index.php?route=/ HTTP/1.1" 200 1609
::1 - - [02/Oct/2023:17:55:43 +0300] "POST /phpmyadmin/index.php?route=/ HTTP/1.1" 200 1609
::1 - - [02/Oct/2023:18:15:58 +0300] "POST /phpmyadmin/index.php?route=/ HTTP/1.1" 200 1609
::1 - - [02/Oct/2023:18:34:52 +0300] "POST /phpmyadmin/index.php?route=/ HTTP/1.1" 200 1609
::1 - - [02/Oct/2023:18:53:27 +0300] "POST /phpmyadmin/index.php?route=/ HTTP/1.1" 200 1609
::1 - - [02/Oct/2023:19:11:44 +0300] "POST /phpmyadmin/index.php?route=/ HTTP/1.1" 200 1609
::1 - - [02/Oct/2023:19:29:42 +0300] "POST /phpmyadmin/index.php?route=/ HTTP/1.1" 200 1609
::1 - - [02/Oct/2023:19:47:22 +0300] "POST /phpmyadmin/index.php?route=/ HTTP/1.1" 200 1609
::1 - - [02/Oct/2023:20:04:45 +0300] "POST /phpmyadmin/index.php?route=/ HTTP/1.1" 200 1609
::1 - - [02/Oct/2023:20:21:50 +0300] "POST /phpmyadmin/index.php?route=/ HTTP/1.1" 200 1609
::1 - - [02/Oct/2023:20:38:38 +0300] "POST /phpmyadmin/index.php?route=/ HTTP/1.1" 200 1609
::1 - - [02/Oct/2023:20:55:09 +0300] "POST /phpmyadmin/index.php?route=/ HTTP/1.1" 200 1609
::1 - - [02/Oct/2023:21:11:24 +0300] "POST /phpmyadmin/index.php?route=/ HTTP/1.1" 200 1609
::1 - - [02/Oct/2023:21:27:23 +0300] "POST /phpmyadmin/index.php?route=/ HTTP/1.1" 200 1609
::1 - - [02/Oct/2023:21:43:06 +0300] "POST /phpmyadmin/index.php?route=/ HTTP/1.1" 200 1609
::1 - - [02/Oct/2023:21:58:33 +0300] "POST /phpmyadmin/index.php?route=/ HTTP/1.1" 200 1609
::1 - - [02/Oct/2023:22:13:45 +0300] "POST /phpmyadmin/index.php?route=/ HTTP/1.1" 200 1609
::1 - - [02/Oct/2023:22:28:41 +0300] "POST /phpmyadmin/index.php?route=/ HTTP/1.1" 200 1609
::1 - - [02/Oct/2023:22:42:26 +0300] "POST /phpmyadmin/index.php?route=/ HTTP/1.1" 200 1609
::1 - - [03/Oct/2023:16:50:01 +0300] "GET / HTTP/1.1" 200 6724
::1 - - [03/Oct/2023:16:50:02 +0300] "GET /php.png HTTP/1.1" 200 201607
::1 - - [03/Oct/2023:16:50:02 +0300] "GET /style.css HTTP/1.1" 200 241
::1 - - [03/Oct/2023:16:50:02 +0300] "GET /favicon.ico HTTP/1.1" 200 20
::1 - - [03/Oct/2023:16:50:16 +0300] "GET /db HTTP/1.1" 200 5003
::1 - - [03/Oct/2023:16:50:16 +0300] "GET /style.css HTTP/1.1" 200 241
::1 - - [03/Oct/2023:16:50:16 +0300] "GET /favicon.ico HTTP/1.1" 200 20
::1 - - [03/Oct/2023:16:50:18 +0300] "GET / HTTP/1.1" 200 6773
::1 - - [03/Oct/2023:16:50:18 +0300] "GET /style.css HTTP/1.1" 200 241
::1 - - [03/Oct/2023:16:50:18 +0300] "GET /php.png HTTP/1.1" 200 201607
::1 - - [03/Oct/2023:16:50:18 +0300] "GET /favicon.ico HTTP/1.1" 200 20
::1 - - [03/Oct/2023:16:50:25 +0300] "GET /style.css HTTP/1.1" 200 241
::1 - - [03/Oct/2023:16:54:58 +0300] "GET / HTTP/1.1" 200 6811
::1 - - [03/Oct/2023:16:54:58 +0300] "GET /style.css HTTP/1.1" 200 241
::1 - - [03/Oct/2023:16:54:58 +0300] "GET /php.png HTTP/1.1" 200 201607
::1 - - [03/Oct/2023:16:54:58 +0300] "GET /favicon.ico HTTP/1.1" 200 20
::1 - - [03/Oct/2023:16:56:13 +0300] "GET / HTTP/1.1" 200 6810
::1 - - [03/Oct/2023:16:56:13 +0300] "GET /style.css HTTP/1.1" 200 241
::1 - - [03/Oct/2023:16:56:13 +0300] "GET /php.png HTTP/1.1" 200 201607
::1 - - [03/Oct/2023:16:56:13 +0300] "GET /favicon.ico HTTP/1.1" 200 20
::1 - - [03/Oct/2023:16:58:39 +0300] "GET /style.css HTTP/1.1" 200 241
::1 - - [03/Oct/2023:16:59:29 +0300] "GET / HTTP/1.1" 200 6817
::1 - - [03/Oct/2023:16:59:29 +0300] "GET /style.css HTTP/1.1" 200 241
::1 - - [03/Oct/2023:16:59:29 +0300] "GET /php.png HTTP/1.1" 200 201607
::1 - - [03/Oct/2023:16:59:29 +0300] "GET /favicon.ico HTTP/1.1" 200 20
::1 - - [03/Oct/2023:17:02:43 +0300] "GET / HTTP/1.1" 200 6828
::1 - - [03/Oct/2023:17:02:43 +0300] "GET /php.png HTTP/1.1" 200 201607
::1 - - [03/Oct/2023:17:02:43 +0300] "GET /style.css HTTP/1.1" 200 283
::1 - - [03/Oct/2023:17:02:43 +0300] "GET /favicon.ico HTTP/1.1" 200 20
::1 - - [03/Oct/2023:17:03:13 +0300] "GET /about HTTP/1.1" 200 3356
::1 - - [03/Oct/2023:17:03:13 +0300] "GET /style.css HTTP/1.1" 200 283
::1 - - [03/Oct/2023:17:03:13 +0300] "GET /favicon.ico HTTP/1.1" 200 20
::1 - - [03/Oct/2023:17:03:16 +0300] "GET /forms HTTP/1.1" 200 3332
::1 - - [03/Oct/2023:17:03:16 +0300] "GET /style.css HTTP/1.1" 200 283
::1 - - [03/Oct/2023:17:03:16 +0300] "GET /favicon.ico HTTP/1.1" 200 20
::1 - - [03/Oct/2023:17:03:18 +0300] "GET /db HTTP/1.1" 200 5003
::1 - - [03/Oct/2023:17:03:18 +0300] "GET /style.css HTTP/1.1" 200 283
::1 - - [03/Oct/2023:17:03:18 +0300] "GET /favicon.ico HTTP/1.1" 200 20
::1 - - [03/Oct/2023:17:03:27 +0300] "GET / HTTP/1.1" 200 6843
::1 - - [03/Oct/2023:17:03:27 +0300] "GET /style.css HTTP/1.1" 200 283
::1 - - [03/Oct/2023:17:03:27 +0300] "GET /php.png HTTP/1.1" 200 201607
::1 - - [03/Oct/2023:17:03:27 +0300] "GET /favicon.ico HTTP/1.1" 200 20
::1 - - [03/Oct/2023:17:03:29 +0300] "GET /style.css HTTP/1.1" 200 283
::1 - - [03/Oct/2023:17:03:49 +0300] "GET / HTTP/1.1" 200 6891
::1 - - [03/Oct/2023:17:03:49 +0300] "GET /style.css HTTP/1.1" 200 283
::1 - - [03/Oct/2023:17:03:49 +0300] "GET /php.png HTTP/1.1" 200 201607
::1 - - [03/Oct/2023:17:03:49 +0300] "GET /favicon.ico HTTP/1.1" 200 20
::1 - - [03/Oct/2023:17:03:52 +0300] "GET / HTTP/1.1" 200 6891
::1 - - [03/Oct/2023:17:03:52 +0300] "GET /style.css HTTP/1.1" 200 283
::1 - - [03/Oct/2023:17:03:52 +0300] "GET /php.png HTTP/1.1" 200 201607
::1 - - [03/Oct/2023:17:03:52 +0300] "GET /favicon.ico HTTP/1.1" 200 20
::1 - - [03/Oct/2023:17:03:52 +0300] "GET / HTTP/1.1" 200 6891
::1 - - [03/Oct/2023:17:03:52 +0300] "GET /style.css HTTP/1.1" 200 283
::1 - - [03/Oct/2023:17:03:52 +0300] "GET /php.png HTTP/1.1" 200 201607
::1 - - [03/Oct/2023:17:03:52 +0300] "GET /favicon.ico HTTP/1.1" 200 20
::1 - - [03/Oct/2023:17:03:52 +0300] "GET / HTTP/1.1" 200 6891
::1 - - [03/Oct/2023:17:03:52 +0300] "GET /style.css HTTP/1.1" 200 283
::1 - - [03/Oct/2023:17:03:52 +0300] "GET /php.png HTTP/1.1" 200 201607
::1 - - [03/Oct/2023:17:03:52 +0300] "GET /favicon.ico HTTP/1.1" 200 20
::1 - - [03/Oct/2023:17:03:52 +0300] "GET / HTTP/1.1" 200 6891
::1 - - [03/Oct/2023:17:03:52 +0300] "GET /style.css HTTP/1.1" 200 283
::1 - - [03/Oct/2023:17:03:52 +0300] "GET /php.png HTTP/1.1" 200 201607
::1 - - [03/Oct/2023:17:03:52 +0300] "GET /favicon.ico HTTP/1.1" 200 20
::1 - - [03/Oct/2023:17:03:53 +0300] "GET / HTTP/1.1" 200 6891
::1 - - [03/Oct/2023:17:03:53 +0300] "GET /style.css HTTP/1.1" 200 283
::1 - - [03/Oct/2023:17:03:53 +0300] "GET /php.png HTTP/1.1" 200 201607
::1 - - [03/Oct/2023:17:03:53 +0300] "GET /favicon.ico HTTP/1.1" 200 20
::1 - - [03/Oct/2023:17:03:53 +0300] "GET / HTTP/1.1" 200 6891
::1 - - [03/Oct/2023:17:03:53 +0300] "GET /style.css HTTP/1.1" 200 283
::1 - - [03/Oct/2023:17:03:53 +0300] "GET /php.png HTTP/1.1" 200 201607
::1 - - [03/Oct/2023:17:03:53 +0300] "GET /favicon.ico HTTP/1.1" 200 20
::1 - - [03/Oct/2023:17:03:53 +0300] "GET / HTTP/1.1" 200 6891
::1 - - [03/Oct/2023:17:03:53 +0300] "GET /style.css HTTP/1.1" 200 283
::1 - - [03/Oct/2023:17:03:53 +0300] "GET /php.png HTTP/1.1" 200 201607
::1 - - [03/Oct/2023:17:03:53 +0300] "GET /favicon.ico HTTP/1.1" 200 20
::1 - - [03/Oct/2023:17:04:05 +0300] "GET / HTTP/1.1" 200 6891
::1 - - [03/Oct/2023:17:04:05 +0300] "GET /style.css HTTP/1.1" 200 283
::1 - - [03/Oct/2023:17:04:05 +0300] "GET /php.png HTTP/1.1" 200 201607
::1 - - [03/Oct/2023:17:04:05 +0300] "GET /favicon.ico HTTP/1.1" 200 20
::1 - - [03/Oct/2023:17:04:15 +0300] "GET /about HTTP/1.1" 200 3367
::1 - - [03/Oct/2023:17:04:15 +0300] "GET /style.css HTTP/1.1" 200 283
::1 - - [03/Oct/2023:17:04:15 +0300] "GET /favicon.ico HTTP/1.1" 200 20
::1 - - [03/Oct/2023:17:04:15 +0300] "GET /forms HTTP/1.1" 200 3343
::1 - - [03/Oct/2023:17:04:15 +0300] "GET /style.css HTTP/1.1" 200 283
::1 - - [03/Oct/2023:17:04:15 +0300] "GET /favicon.ico HTTP/1.1" 200 20
::1 - - [03/Oct/2023:17:05:48 +0300] "GET /forms HTTP/1.1" 200 418
::1 - - [03/Oct/2023:17:05:48 +0300] "GET /favicon.ico HTTP/1.1" 200 20
::1 - - [03/Oct/2023:17:05:48 +0300] "GET /forms HTTP/1.1" 200 418
::1 - - [03/Oct/2023:17:05:48 +0300] "GET /favicon.ico HTTP/1.1" 200 20
::1 - - [03/Oct/2023:17:05:49 +0300] "GET /forms HTTP/1.1" 200 418
::1 - - [03/Oct/2023:17:05:49 +0300] "GET /favicon.ico HTTP/1.1" 200 20
::1 - - [03/Oct/2023:17:05:49 +0300] "GET /forms HTTP/1.1" 200 418
::1 - - [03/Oct/2023:17:05:49 +0300] "GET /favicon.ico HTTP/1.1" 200 20
::1 - - [03/Oct/2023:17:06:12 +0300] "GET /forms HTTP/1.1" 200 368
::1 - - [03/Oct/2023:17:06:12 +0300] "GET /favicon.ico HTTP/1.1" 200 20
::1 - - [03/Oct/2023:17:06:12 +0300] "GET /forms HTTP/1.1" 200 368
::1 - - [03/Oct/2023:17:06:13 +0300] "GET /favicon.ico HTTP/1.1" 200 20
::1 - - [03/Oct/2023:17:06:13 +0300] "GET /forms HTTP/1.1" 200 368
::1 - - [03/Oct/2023:17:06:13 +0300] "GET /favicon.ico HTTP/1.1" 200 20
::1 - - [03/Oct/2023:17:08:08 +0300] "GET /phpmyadmin/ HTTP/1.1" 200 19502
::1 - - [03/Oct/2023:17:08:11 +0300] "GET /phpmyadmin/ HTTP/1.1" 200 19502
::1 - - [03/Oct/2023:17:08:12 +0300] "GET /phpmyadmin/ HTTP/1.1" 200 19502
::1 - - [03/Oct/2023:17:08:12 +0300] "GET /phpmyadmin/ HTTP/1.1" 200 19502
::1 - - [03/Oct/2023:17:08:13 +0300] "GET /phpmyadmin/ HTTP/1.1" 200 19502
::1 - - [03/Oct/2023:17:08:14 +0300] "GET /phpmyadmin/js/vendor/sprintf.js?v=5.2.1 HTTP/1.1" 200 7409
::1 - - [03/Oct/2023:17:08:14 +0300] "GET /phpmyadmin/js/dist/keyhandler.js?v=5.2.1 HTTP/1.1" 200 2059
::1 - - [03/Oct/2023:17:08:14 +0300] "GET /phpmyadmin/js/dist/ajax.js?v=5.2.1 HTTP/1.1" 200 29948
::1 - - [03/Oct/2023:17:08:14 +0300] "GET /phpmyadmin/js/vendor/jquery/jquery-migrate.min.js?v=5.2.1 HTTP/1.1" 200 13467
::1 - - [03/Oct/2023:17:08:14 +0300] "GET /phpmyadmin/js/dist/name-conflict-fixes.js?v=5.2.1 HTTP/1.1" 200 43
::1 - - [03/Oct/2023:17:08:14 +0300] "GET /phpmyadmin/js/vendor/bootstrap/bootstrap.bundle.min.js?v=5.2.1 HTTP/1.1" 200 80420
::1 - - [03/Oct/2023:17:08:14 +0300] "GET /phpmyadmin/js/vendor/js.cookie.js?v=5.2.1 HTTP/1.1" 200 3883
::1 - - [03/Oct/2023:17:08:14 +0300] "GET /phpmyadmin/js/vendor/jquery/jquery.validate.min.js?v=5.2.1 HTTP/1.1" 200 24601
::1 - - [03/Oct/2023:17:08:14 +0300] "GET /phpmyadmin/js/vendor/jquery/jquery.min.js?v=5.2.1 HTTP/1.1" 200 89947
::1 - - [03/Oct/2023:17:08:14 +0300] "GET /phpmyadmin/js/vendor/jquery/jquery-ui-timepicker-addon.js?v=5.2.1 HTTP/1.1" 200 78475
::1 - - [03/Oct/2023:17:08:14 +0300] "GET /phpmyadmin/js/vendor/jquery/jquery.debounce-1.0.6.js?v=5.2.1 HTTP/1.1" 200 1608
::1 - - [03/Oct/2023:17:08:14 +0300] "GET /phpmyadmin/js/dist/menu_resizer.js?v=5.2.1 HTTP/1.1" 200 5729
::1 - - [03/Oct/2023:17:08:14 +0300] "GET /phpmyadmin/js/dist/cross_framing_protection.js?v=5.2.1 HTTP/1.1" 200 405
::1 - - [03/Oct/2023:17:08:14 +0300] "GET /phpmyadmin/js/vendor/jquery/jquery-ui.min.js?v=5.2.1 HTTP/1.1" 200 255084
::1 - - [03/Oct/2023:17:08:14 +0300] "GET /phpmyadmin/js/dist/config.js?v=5.2.1 HTTP/1.1" 200 24059
::1 - - [03/Oct/2023:17:08:14 +0300] "GET /phpmyadmin/js/dist/doclinks.js?v=5.2.1 HTTP/1.1" 200 18276
::1 - - [03/Oct/2023:17:08:14 +0300] "GET /phpmyadmin/js/dist/navigation.js?v=5.2.1 HTTP/1.1" 200 51830
::1 - - [03/Oct/2023:17:08:14 +0300] "GET /phpmyadmin/js/dist/indexes.js?v=5.2.1 HTTP/1.1" 200 26962
::1 - - [03/Oct/2023:17:08:14 +0300] "GET /phpmyadmin/js/dist/page_settings.js?v=5.2.1 HTTP/1.1" 200 1818
::1 - - [03/Oct/2023:17:08:14 +0300] "GET /phpmyadmin/js/dist/common.js?v=5.2.1 HTTP/1.1" 200 4530
::1 - - [03/Oct/2023:17:08:14 +0300] "GET /phpmyadmin/js/dist/functions.js?v=5.2.1 HTTP/1.1" 200 148069
::1 - - [03/Oct/2023:17:08:14 +0300] "GET /phpmyadmin/js/dist/home.js?v=5.2.1 HTTP/1.1" 200 5275
::1 - - [03/Oct/2023:17:08:14 +0300] "GET /phpmyadmin/js/vendor/codemirror/addon/runmode/runmode.js?v=5.2.1 HTTP/1.1" 200 2777
::1 - - [03/Oct/2023:17:08:14 +0300] "GET /phpmyadmin/js/vendor/codemirror/mode/sql/sql.js?v=5.2.1 HTTP/1.1" 200 59564
::1 - - [03/Oct/2023:17:08:14 +0300] "GET /phpmyadmin/js/vendor/codemirror/addon/hint/show-hint.js?v=5.2.1 HTTP/1.1" 200 19792
::1 - - [03/Oct/2023:17:08:14 +0300] "GET /phpmyadmin/js/vendor/codemirror/addon/hint/sql-hint.js?v=5.2.1 HTTP/1.1" 200 9560
::1 - - [03/Oct/2023:17:08:14 +0300] "GET /phpmyadmin/js/vendor/codemirror/addon/lint/lint.js?v=5.2.1 HTTP/1.1" 200 9987
::1 - - [03/Oct/2023:17:08:14 +0300] "GET /phpmyadmin/js/dist/codemirror/addon/lint/sql-lint.js?v=5.2.1 HTTP/1.1" 200 940
::1 - - [03/Oct/2023:17:08:14 +0300] "GET /phpmyadmin/js/dist/error_report.js?v=5.2.1 HTTP/1.1" 200 9264
::1 - - [03/Oct/2023:17:08:14 +0300] "GET /phpmyadmin/js/vendor/tracekit.js?v=5.2.1 HTTP/1.1" 200 47128
::1 - - [03/Oct/2023:17:08:14 +0300] "GET /phpmyadmin/js/vendor/codemirror/lib/codemirror.js?v=5.2.1 HTTP/1.1" 200 401653
::1 - - [03/Oct/2023:17:08:14 +0300] "GET /phpmyadmin/js/dist/drag_drop_import.js?v=5.2.1 HTTP/1.1" 200 12431
::1 - - [03/Oct/2023:17:08:14 +0300] "GET /phpmyadmin/js/dist/shortcuts_handler.js?v=5.2.1 HTTP/1.1" 200 3303
::1 - - [03/Oct/2023:17:08:14 +0300] "GET /phpmyadmin/js/dist/console.js?v=5.2.1 HTTP/1.1" 200 49548
::1 - - [03/Oct/2023:17:08:14 +0300] "GET /phpmyadmin/themes/pmahomme/img/logo_left.png HTTP/1.1" 200 2713
::1 - - [03/Oct/2023:17:08:14 +0300] "GET /phpmyadmin/themes/dot.gif HTTP/1.1" 200 43
::1 - - [03/Oct/2023:17:08:14 +0300] "GET /phpmyadmin/js/messages.php?l=ru&v=5.2.1 HTTP/1.1" 200 12854
::1 - - [03/Oct/2023:17:08:14 +0300] "GET /phpmyadmin/themes/pmahomme/img/b_home.png HTTP/1.1" 200 734
::1 - - [03/Oct/2023:17:08:14 +0300] "GET /phpmyadmin/themes/pmahomme/img/b_docs.png HTTP/1.1" 200 705
::1 - - [03/Oct/2023:17:08:14 +0300] "GET /phpmyadmin/themes/pmahomme/img/b_sqlhelp.png HTTP/1.1" 200 512
::1 - - [03/Oct/2023:17:08:14 +0300] "GET /phpmyadmin/themes/pmahomme/img/s_cog.png HTTP/1.1" 200 442
::1 - - [03/Oct/2023:17:08:14 +0300] "GET /phpmyadmin/themes/pmahomme/img/s_loggoff.png HTTP/1.1" 200 626
::1 - - [03/Oct/2023:17:08:14 +0300] "GET /phpmyadmin/themes/pmahomme/img/s_reload.png HTTP/1.1" 200 527
::1 - - [03/Oct/2023:17:08:14 +0300] "GET /phpmyadmin/themes/pmahomme/img/s_collapseall.png HTTP/1.1" 200 143
::1 - - [03/Oct/2023:17:08:14 +0300] "GET /phpmyadmin/themes/pmahomme/img/s_link.png HTTP/1.1" 200 280
::1 - - [03/Oct/2023:17:08:14 +0300] "GET /phpmyadmin/themes/pmahomme/img/b_newdb.png HTTP/1.1" 200 585
::1 - - [03/Oct/2023:17:08:14 +0300] "GET /phpmyadmin/themes/pmahomme/img/b_plus.png HTTP/1.1" 200 143
::1 - - [03/Oct/2023:17:08:14 +0300] "GET /phpmyadmin/themes/pmahomme/img/s_db.png HTTP/1.1" 200 328
::1 - - [03/Oct/2023:17:08:14 +0300] "GET /phpmyadmin/themes/pmahomme/img/s_host.png HTTP/1.1" 200 591
::1 - - [03/Oct/2023:17:08:14 +0300] "GET /phpmyadmin/themes/pmahomme/img/b_sql.png HTTP/1.1" 200 680
::1 - - [03/Oct/2023:17:08:14 +0300] "GET /phpmyadmin/themes/pmahomme/img/s_status.png HTTP/1.1" 200 600
::1 - - [03/Oct/2023:17:08:14 +0300] "GET /phpmyadmin/themes/pmahomme/img/b_tblops.png HTTP/1.1" 200 537
::1 - - [03/Oct/2023:17:08:14 +0300] "GET /phpmyadmin/themes/pmahomme/img/b_export.png HTTP/1.1" 200 514
::1 - - [03/Oct/2023:17:08:14 +0300] "GET /phpmyadmin/themes/pmahomme/img/s_rights.png HTTP/1.1" 200 461
::1 - - [03/Oct/2023:17:08:14 +0300] "GET /phpmyadmin/themes/pmahomme/img/b_import.png HTTP/1.1" 200 556
::1 - - [03/Oct/2023:17:08:14 +0300] "GET /phpmyadmin/themes/pmahomme/img/s_replication.png HTTP/1.1" 200 399
::1 - - [03/Oct/2023:17:08:14 +0300] "GET /phpmyadmin/themes/pmahomme/img/s_vars.png HTTP/1.1" 200 523
::1 - - [03/Oct/2023:17:08:14 +0300] "GET /phpmyadmin/themes/pmahomme/img/s_asci.png HTTP/1.1" 200 148
::1 - - [03/Oct/2023:17:08:14 +0300] "GET /phpmyadmin/themes/pmahomme/img/b_engine.png HTTP/1.1" 200 398
::1 - - [03/Oct/2023:17:08:14 +0300] "GET /phpmyadmin/themes/pmahomme/img/s_top.png HTTP/1.1" 200 220
::1 - - [03/Oct/2023:17:08:14 +0300] "GET /phpmyadmin/themes/pmahomme/img/b_plugin.png HTTP/1.1" 200 512
::1 - - [03/Oct/2023:17:08:14 +0300] "GET /phpmyadmin/themes/pmahomme/img/console.png HTTP/1.1" 200 292
::1 - - [03/Oct/2023:17:08:14 +0300] "GET /phpmyadmin/themes/pmahomme/img/s_theme.png HTTP/1.1" 200 772
::1 - - [03/Oct/2023:17:08:14 +0300] "GET /phpmyadmin/themes/pmahomme/img/s_lang.png HTTP/1.1" 200 659
::1 - - [03/Oct/2023:17:08:14 +0300] "GET /phpmyadmin/themes/pmahomme/img/s_error.png HTTP/1.1" 200 614
::1 - - [03/Oct/2023:17:08:14 +0300] "GET /phpmyadmin/themes/pmahomme/img/window-new.png HTTP/1.1" 200 468
::1 - - [03/Oct/2023:17:08:14 +0300] "GET /phpmyadmin/themes/pmahomme/img/b_help.png HTTP/1.1" 200 705
::1 - - [03/Oct/2023:17:08:15 +0300] "GET /phpmyadmin/themes/pmahomme/img/b_more.png HTTP/1.1" 200 111
::1 - - [03/Oct/2023:17:08:15 +0300] "POST /phpmyadmin/index.php?route=/config/get HTTP/1.1" 200 1623
::1 - - [03/Oct/2023:17:08:15 +0300] "POST /phpmyadmin/index.php?route=/navigation&ajax_request=1 HTTP/1.1" 200 2543
::1 - - [03/Oct/2023:17:08:15 +0300] "POST /phpmyadmin/index.php?route=/config/get HTTP/1.1" 200 1715
::1 - - [03/Oct/2023:17:08:15 +0300] "POST /phpmyadmin/index.php?route=/version-check HTTP/1.1" 200 64
::1 - - [03/Oct/2023:17:08:15 +0300] "POST /phpmyadmin/index.php?route=/config/set HTTP/1.1" 200 1614
::1 - - [03/Oct/2023:17:08:16 +0300] "GET /phpmyadmin/index.php?route=/server/privileges&viewing_mode=server&ajax_request=true&ajax_page_request=true&_nocache=1696342096640989639&token=2f3b73692a4f5246586b4e6c416e5465 HTTP/1.1" 200 4469
::1 - - [03/Oct/2023:17:08:17 +0300] "GET /phpmyadmin/themes/pmahomme/img/b_usredit.png HTTP/1.1" 200 757
::1 - - [03/Oct/2023:17:08:17 +0300] "GET /phpmyadmin/themes/pmahomme/img/s_lock.png HTTP/1.1" 200 667
::1 - - [03/Oct/2023:17:08:17 +0300] "GET /phpmyadmin/themes/pmahomme/img/b_usradd.png HTTP/1.1" 200 670
::1 - - [03/Oct/2023:17:08:17 +0300] "GET /phpmyadmin/themes/pmahomme/img/b_usrdrop.png HTTP/1.1" 200 697
::1 - - [03/Oct/2023:17:08:17 +0300] "GET /phpmyadmin/themes/pmahomme/img/s_notice.png HTTP/1.1" 200 567
::1 - - [03/Oct/2023:17:08:17 +0300] "GET /phpmyadmin/themes/pmahomme/img/b_tblexport.png HTTP/1.1" 200 514
::1 - - [03/Oct/2023:17:08:25 +0300] "GET /phpmyadmin/index.php?route=/server/privileges&username=admin&hostname=localhost&dbname=&tablename=&routinename=&ajax_request=true&ajax_page_request=true&_nocache=1696342105720361578&token=2f3b73692a4f5246586b4e6c416e5465 HTTP/1.1" 200 8247
::1 - - [03/Oct/2023:17:08:40 +0300] "POST /phpmyadmin/index.php?route=/server/privileges HTTP/1.1" 200 9210
::1 - - [03/Oct/2023:17:08:40 +0300] "GET /phpmyadmin/themes/pmahomme/img/s_success.png HTTP/1.1" 200 465
::1 - - [03/Oct/2023:17:08:42 +0300] "GET /phpmyadmin/index.php?route=/server/privileges&viewing_mode=server&ajax_request=true&ajax_page_request=true&_nocache=1696342122504482427&token=2f3b73692a4f5246586b4e6c416e5465 HTTP/1.1" 200 4475
::1 - - [03/Oct/2023:17:08:49 +0300] "GET /forms HTTP/1.1" 200 368
::1 - - [03/Oct/2023:17:08:49 +0300] "GET /favicon.ico HTTP/1.1" 200 20
::1 - - [03/Oct/2023:17:08:49 +0300] "GET /forms HTTP/1.1" 200 368
::1 - - [03/Oct/2023:17:08:49 +0300] "GET /favicon.ico HTTP/1.1" 200 20
::1 - - [03/Oct/2023:17:08:49 +0300] "GET /forms HTTP/1.1" 200 368
::1 - - [03/Oct/2023:17:08:49 +0300] "GET /favicon.ico HTTP/1.1" 200 20
::1 - - [03/Oct/2023:17:08:49 +0300] "GET /forms HTTP/1.1" 200 368
::1 - - [03/Oct/2023:17:08:49 +0300] "GET /favicon.ico HTTP/1.1" 200 20
::1 - - [03/Oct/2023:17:09:39 +0300] "POST /phpmyadmin/index.php?route=/navigation&ajax_request=1 HTTP/1.1" 200 1640
::1 - - [03/Oct/2023:17:09:39 +0300] "GET /phpmyadmin/themes/pmahomme/img/b_minus.png HTTP/1.1" 200 123
::1 - - [03/Oct/2023:17:09:41 +0300] "POST /phpmyadmin/index.php?route=/navigation&ajax_request=1 HTTP/1.1" 200 1640
::1 - - [03/Oct/2023:17:09:46 +0300] "GET /forms HTTP/1.1" 200 5612
::1 - - [03/Oct/2023:17:09:46 +0300] "GET /style.css HTTP/1.1" 200 277
::1 - - [03/Oct/2023:17:09:46 +0300] "GET /favicon.ico HTTP/1.1" 200 20
::1 - - [03/Oct/2023:17:09:48 +0300] "GET /about HTTP/1.1" 200 5644
::1 - - [03/Oct/2023:17:09:48 +0300] "GET /style.css HTTP/1.1" 200 277
::1 - - [03/Oct/2023:17:09:48 +0300] "GET /favicon.ico HTTP/1.1" 200 20
::1 - - [03/Oct/2023:17:09:59 +0300] "GET /about HTTP/1.1" 200 5642
::1 - - [03/Oct/2023:17:09:59 +0300] "GET /style.css HTTP/1.1" 200 277
::1 - - [03/Oct/2023:17:09:59 +0300] "GET /favicon.ico HTTP/1.1" 200 20
::1 - - [03/Oct/2023:17:10:14 +0300] "GET /about HTTP/1.1" 200 5640
::1 - - [03/Oct/2023:17:10:14 +0300] "GET /style.css HTTP/1.1" 200 277
::1 - - [03/Oct/2023:17:10:14 +0300] "GET /favicon.ico HTTP/1.1" 200 20
::1 - - [03/Oct/2023:17:10:22 +0300] "GET /about HTTP/1.1" 200 5643
::1 - - [03/Oct/2023:17:10:22 +0300] "GET /style.css HTTP/1.1" 200 277
::1 - - [03/Oct/2023:17:10:22 +0300] "GET /favicon.ico HTTP/1.1" 200 20
::1 - - [03/Oct/2023:17:10:25 +0300] "GET /about HTTP/1.1" 200 5644
::1 - - [03/Oct/2023:17:10:25 +0300] "GET /style.css HTTP/1.1" 200 277
::1 - - [03/Oct/2023:17:10:25 +0300] "GET /favicon.ico HTTP/1.1" 200 20
::1 - - [03/Oct/2023:17:10:30 +0300] "GET /about HTTP/1.1" 200 5639
::1 - - [03/Oct/2023:17:10:30 +0300] "GET /style.css HTTP/1.1" 200 277
::1 - - [03/Oct/2023:17:10:30 +0300] "GET /favicon.ico HTTP/1.1" 200 20
::1 - - [03/Oct/2023:17:10:36 +0300] "GET /about HTTP/1.1" 200 5640
::1 - - [03/Oct/2023:17:10:36 +0300] "GET /style.css HTTP/1.1" 200 277
::1 - - [03/Oct/2023:17:10:36 +0300] "GET /favicon.ico HTTP/1.1" 200 20
::1 - - [03/Oct/2023:17:10:40 +0300] "GET /about HTTP/1.1" 200 5640
::1 - - [03/Oct/2023:17:10:41 +0300] "GET /style.css HTTP/1.1" 200 277
::1 - - [03/Oct/2023:17:10:41 +0300] "GET /favicon.ico HTTP/1.1" 200 20
::1 - - [03/Oct/2023:17:10:41 +0300] "GET /forms HTTP/1.1" 200 5608
::1 - - [03/Oct/2023:17:10:41 +0300] "GET /style.css HTTP/1.1" 200 277
::1 - - [03/Oct/2023:17:10:41 +0300] "GET /favicon.ico HTTP/1.1" 200 20
::1 - - [03/Oct/2023:17:11:26 +0300] "GET /forms HTTP/1.1" 200 5605
::1 - - [03/Oct/2023:17:11:26 +0300] "GET /style.css HTTP/1.1" 200 277
::1 - - [03/Oct/2023:17:11:26 +0300] "GET /favicon.ico HTTP/1.1" 200 20
::1 - - [03/Oct/2023:17:11:27 +0300] "GET /db HTTP/1.1" 200 7163
::1 - - [03/Oct/2023:17:11:28 +0300] "GET /style.css HTTP/1.1" 200 277
::1 - - [03/Oct/2023:17:11:28 +0300] "GET /favicon.ico HTTP/1.1" 200 20
::1 - - [03/Oct/2023:17:11:31 +0300] "GET /oop HTTP/1.1" 200 6110
::1 - - [03/Oct/2023:17:11:31 +0300] "GET /style.css HTTP/1.1" 200 277
::1 - - [03/Oct/2023:17:11:31 +0300] "GET /favicon.ico HTTP/1.1" 200 20
::1 - - [03/Oct/2023:17:11:33 +0300] "POST /oop HTTP/1.1" 200 13
::1 - - [03/Oct/2023:17:11:33 +0300] "GET /favicon.ico HTTP/1.1" 200 20
::1 - - [03/Oct/2023:17:11:35 +0300] "POST /oop HTTP/1.1" 200 13
::1 - - [03/Oct/2023:17:11:35 +0300] "GET /favicon.ico HTTP/1.1" 200 20
::1 - - [03/Oct/2023:17:11:36 +0300] "GET /oop HTTP/1.1" 200 6110
::1 - - [03/Oct/2023:17:11:36 +0300] "GET /favicon.ico HTTP/1.1" 200 20
::1 - - [03/Oct/2023:17:11:37 +0300] "PUT /oop HTTP/1.1" 200 12
::1 - - [03/Oct/2023:17:11:38 +0300] "GET /db HTTP/1.1" 200 7163
::1 - - [03/Oct/2023:17:11:38 +0300] "GET /favicon.ico HTTP/1.1" 200 20
::1 - - [03/Oct/2023:17:11:40 +0300] "GET /oop HTTP/1.1" 200 6110
::1 - - [03/Oct/2023:17:11:40 +0300] "GET /style.css HTTP/1.1" 200 277
::1 - - [03/Oct/2023:17:11:40 +0300] "GET /favicon.ico HTTP/1.1" 200 20
::1 - - [03/Oct/2023:17:11:41 +0300] "LINK /oop HTTP/1.1" 200 13
::1 - - [03/Oct/2023:17:11:43 +0300] "GET /db HTTP/1.1" 200 7163
::1 - - [03/Oct/2023:17:11:43 +0300] "GET /favicon.ico HTTP/1.1" 200 20
::1 - - [03/Oct/2023:17:11:47 +0300] "GET /favicon.ico HTTP/1.1" 200 20
::1 - - [03/Oct/2023:17:11:49 +0300] "GET /forms HTTP/1.1" 200 5605
::1 - - [03/Oct/2023:17:11:49 +0300] "GET /style.css HTTP/1.1" 200 277
::1 - - [03/Oct/2023:17:11:49 +0300] "GET /favicon.ico HTTP/1.1" 200 20
::1 - - [03/Oct/2023:17:16:33 +0300] "POST /forms HTTP/1.1" 302 635
::1 - - [03/Oct/2023:17:16:33 +0300] "GET /forms HTTP/1.1" 200 5635
::1 - - [03/Oct/2023:17:16:33 +0300] "GET /style.css HTTP/1.1" 200 277
::1 - - [03/Oct/2023:17:16:33 +0300] "GET /favicon.ico HTTP/1.1" 200 20
::1 - - [03/Oct/2023:17:16:51 +0300] "POST /forms HTTP/1.1" 302 635
::1 - - [03/Oct/2023:17:16:51 +0300] "GET /forms HTTP/1.1" 200 5635
::1 - - [03/Oct/2023:17:16:51 +0300] "GET /style.css HTTP/1.1" 200 277
::1 - - [03/Oct/2023:17:16:51 +0300] "GET /favicon.ico HTTP/1.1" 200 20
::1 - - [03/Oct/2023:17:16:58 +0300] "GET /phpmyadmin/index.php?route=/database/structure&db=test&ajax_request=true&ajax_page_request=true&_nocache=1696342618323382633&token=2f3b73692a4f5246586b4e6c416e5465 HTTP/1.1" 200 3748
::1 - - [03/Oct/2023:17:16:58 +0300] "GET /phpmyadmin/themes/pmahomme/img/b_props.png HTTP/1.1" 200 573
::1 - - [03/Oct/2023:17:16:58 +0300] "GET /phpmyadmin/themes/pmahomme/img/b_search.png HTTP/1.1" 200 538
::1 - - [03/Oct/2023:17:16:58 +0300] "GET /phpmyadmin/themes/pmahomme/img/b_events.png HTTP/1.1" 200 703
::1 - - [03/Oct/2023:17:16:58 +0300] "GET /phpmyadmin/themes/pmahomme/img/b_routines.png HTTP/1.1" 200 306
::1 - - [03/Oct/2023:17:16:58 +0300] "GET /phpmyadmin/themes/pmahomme/img/b_triggers.png HTTP/1.1" 200 446
::1 - - [03/Oct/2023:17:16:58 +0300] "GET /phpmyadmin/themes/pmahomme/img/b_relations.png HTTP/1.1" 200 140
::1 - - [03/Oct/2023:17:16:58 +0300] "GET /phpmyadmin/themes/pmahomme/img/b_table_add.png HTTP/1.1" 200 571
::1 - - [03/Oct/2023:17:16:58 +0300] "GET /phpmyadmin/js/dist/database/structure.js?v=5.2.1 HTTP/1.1" 200 14685
::1 - - [03/Oct/2023:17:16:58 +0300] "GET /phpmyadmin/js/dist/table/change.js?v=5.2.1 HTTP/1.1" 200 29082
::1 - - [03/Oct/2023:17:17:00 +0300] "GET /phpmyadmin/index.php?route=/database/structure&db=testbase&ajax_request=true&ajax_page_request=true&_nocache=1696342620419806092&token=2f3b73692a4f5246586b4e6c416e5465 HTTP/1.1" 200 6426
::1 - - [03/Oct/2023:17:17:01 +0300] "GET /phpmyadmin/themes/pmahomme/img/b_browse.png HTTP/1.1" 200 486
::1 - - [03/Oct/2023:17:17:01 +0300] "GET /phpmyadmin/themes/pmahomme/img/s_asc.png HTTP/1.1" 200 146
::1 - - [03/Oct/2023:17:17:01 +0300] "GET /phpmyadmin/themes/pmahomme/img/b_no_favorite.png HTTP/1.1" 200 377
::1 - - [03/Oct/2023:17:17:01 +0300] "GET /phpmyadmin/themes/pmahomme/img/b_insrow.png HTTP/1.1" 200 157
::1 - - [03/Oct/2023:17:17:01 +0300] "GET /phpmyadmin/themes/pmahomme/img/b_select.png HTTP/1.1" 200 593
::1 - - [03/Oct/2023:17:17:01 +0300] "GET /phpmyadmin/themes/pmahomme/img/b_empty.png HTTP/1.1" 200 521
::1 - - [03/Oct/2023:17:17:01 +0300] "GET /phpmyadmin/themes/pmahomme/img/b_drop.png HTTP/1.1" 200 637
::1 - - [03/Oct/2023:17:17:01 +0300] "GET /phpmyadmin/themes/pmahomme/img/b_print.png HTTP/1.1" 200 639
::1 - - [03/Oct/2023:17:17:01 +0300] "GET /phpmyadmin/themes/pmahomme/img/b_tblanalyse.png HTTP/1.1" 200 152
::1 - - [03/Oct/2023:17:17:03 +0300] "GET /phpmyadmin/themes/pmahomme/img/s_desc.png HTTP/1.1" 200 146
::1 - - [03/Oct/2023:17:17:04 +0300] "GET /phpmyadmin/index.php?route=/sql&db=testbase&table=users&pos=0&ajax_request=true&ajax_page_request=true&_nocache=1696342624034114123&token=2f3b73692a4f5246586b4e6c416e5465 HTTP/1.1" 200 10169
::1 - - [03/Oct/2023:17:17:04 +0300] "GET /phpmyadmin/themes/pmahomme/img/s_tbl.png HTTP/1.1" 200 645
::1 - - [03/Oct/2023:17:17:04 +0300] "GET /phpmyadmin/themes/pmahomme/img/b_tblimport.png HTTP/1.1" 200 556
::1 - - [03/Oct/2023:17:17:04 +0300] "GET /phpmyadmin/themes/pmahomme/img/b_edit.png HTTP/1.1" 200 377
::1 - - [03/Oct/2023:17:17:04 +0300] "GET /phpmyadmin/themes/pmahomme/img/b_view_add.png HTTP/1.1" 200 678
::1 - - [03/Oct/2023:17:17:04 +0300] "GET /phpmyadmin/themes/pmahomme/img/b_chart.png HTTP/1.1" 200 449
::1 - - [03/Oct/2023:17:17:04 +0300] "GET /phpmyadmin/themes/pmahomme/img/s_fulltext.png HTTP/1.1" 200 176
::1 - - [03/Oct/2023:17:17:04 +0300] "GET /phpmyadmin/js/dist/multi_column_sort.js?v=5.2.1 HTTP/1.1" 200 1281
::1 - - [03/Oct/2023:17:17:04 +0300] "GET /phpmyadmin/js/vendor/jquery/jquery.uitablefilter.js?v=5.2.1 HTTP/1.1" 200 3139
::1 - - [03/Oct/2023:17:17:04 +0300] "GET /phpmyadmin/js/dist/gis_data_editor.js?v=5.2.1 HTTP/1.1" 200 13582
::1 - - [03/Oct/2023:17:17:04 +0300] "GET /phpmyadmin/js/dist/makegrid.js?v=5.2.1 HTTP/1.1" 200 81012
::1 - - [03/Oct/2023:17:17:04 +0300] "GET /phpmyadmin/js/dist/sql.js?v=5.2.1 HTTP/1.1" 200 35541
::1 - - [03/Oct/2023:17:17:04 +0300] "GET /phpmyadmin/themes/pmahomme/img/col_drop.png HTTP/1.1" 200 111
::1 - - [03/Oct/2023:17:17:04 +0300] "GET /phpmyadmin/themes/pmahomme/img/col_pointer.png HTTP/1.1" 200 102
::1 - - [03/Oct/2023:17:17:04 +0300] "GET /phpmyadmin/index.php?route=/recent-table&ajax_request=1&recent_table=1&no_debug=true&_nocache=1696342624918748645&token=2f3b73692a4f5246586b4e6c416e5465 HTTP/1.1" 200 1671
::1 - - [03/Oct/2023:17:17:48 +0300] "GET / HTTP/1.1" 200 9130
::1 - - [03/Oct/2023:17:17:48 +0300] "GET /style.css HTTP/1.1" 200 277
::1 - - [03/Oct/2023:17:17:48 +0300] "GET /php.png HTTP/1.1" 200 201607
::1 - - [03/Oct/2023:17:17:48 +0300] "GET /favicon.ico HTTP/1.1" 200 20
::1 - - [03/Oct/2023:17:17:51 +0300] "GET /about HTTP/1.1" 200 5640
::1 - - [03/Oct/2023:17:17:51 +0300] "GET /style.css HTTP/1.1" 200 277
::1 - - [03/Oct/2023:17:17:51 +0300] "GET /favicon.ico HTTP/1.1" 200 20
::1 - - [03/Oct/2023:17:17:52 +0300] "GET /forms HTTP/1.1" 200 5605
::1 - - [03/Oct/2023:17:17:52 +0300] "GET /style.css HTTP/1.1" 200 277
::1 - - [03/Oct/2023:17:17:52 +0300] "GET /favicon.ico HTTP/1.1" 200 20
::1 - - [03/Oct/2023:17:17:52 +0300] "GET /db HTTP/1.1" 200 7163
::1 - - [03/Oct/2023:17:17:52 +0300] "GET /style.css HTTP/1.1" 200 277
::1 - - [03/Oct/2023:17:17:52 +0300] "GET /favicon.ico HTTP/1.1" 200 20
::1 - - [03/Oct/2023:17:17:53 +0300] "GET /oop HTTP/1.1" 200 6110
::1 - - [03/Oct/2023:17:17:53 +0300] "GET /style.css HTTP/1.1" 200 277
::1 - - [03/Oct/2023:17:17:53 +0300] "GET /favicon.ico HTTP/1.1" 200 20
::1 - - [03/Oct/2023:17:17:56 +0300] "GET /about HTTP/1.1" 200 5640
::1 - - [03/Oct/2023:17:17:56 +0300] "GET /style.css HTTP/1.1" 200 277
::1 - - [03/Oct/2023:17:17:56 +0300] "GET /favicon.ico HTTP/1.1" 200 20
::1 - - [03/Oct/2023:17:17:58 +0300] "GET /forms HTTP/1.1" 200 5605
::1 - - [03/Oct/2023:17:17:58 +0300] "GET /style.css HTTP/1.1" 200 277
::1 - - [03/Oct/2023:17:17:58 +0300] "GET /favicon.ico HTTP/1.1" 200 20
::1 - - [03/Oct/2023:17:18:21 +0300] "GET /phpmyadmin/themes/pmahomme/jquery/images/ui-icons_222222_256x240.png HTTP/1.1" 200 3765
::1 - - [03/Oct/2023:17:18:21 +0300] "GET /phpmyadmin/themes/pmahomme/jquery/images/ui-bg_highlight-soft_75_cccccc_1x100.png HTTP/1.1" 200 122
::1 - - [03/Oct/2023:17:18:22 +0300] "POST /phpmyadmin/index.php HTTP/1.1" 200 2232
::1 - - [03/Oct/2023:17:18:24 +0300] "POST /phpmyadmin/index.php HTTP/1.1" 200 2233
::1 - - [03/Oct/2023:17:18:25 +0300] "GET /phpmyadmin/index.php?route=/sql&db=testbase&table=users&pos=0 HTTP/1.1" 200 15481
::1 - - [03/Oct/2023:17:18:26 +0300] "POST /phpmyadmin/index.php?route=/config/get HTTP/1.1" 200 1717
::1 - - [03/Oct/2023:17:18:26 +0300] "POST /phpmyadmin/index.php?route=/navigation&ajax_request=1 HTTP/1.1" 200 2817
::1 - - [03/Oct/2023:17:18:26 +0300] "POST /phpmyadmin/index.php?route=/config/get HTTP/1.1" 200 1625
::1 - - [03/Oct/2023:17:18:26 +0300] "GET /phpmyadmin/index.php?route=/recent-table&ajax_request=1&recent_table=1&no_debug=true&_nocache=1696342706100325979&token=2f3b73692a4f5246586b4e6c416e5465 HTTP/1.1" 200 1671
::1 - - [03/Oct/2023:17:18:26 +0300] "POST /phpmyadmin/index.php?route=/config/set HTTP/1.1" 200 1617
::1 - - [03/Oct/2023:17:20:27 +0300] "POST /forms HTTP/1.1" 302 635
::1 - - [03/Oct/2023:17:20:27 +0300] "GET /forms HTTP/1.1" 200 5633
::1 - - [03/Oct/2023:17:20:27 +0300] "GET /style.css HTTP/1.1" 200 277
::1 - - [03/Oct/2023:17:20:28 +0300] "GET /favicon.ico HTTP/1.1" 200 20
::1 - - [03/Oct/2023:17:20:33 +0300] "GET /auth?login=Ant&password=aaa HTTP/1.1" 403 10
::1 - - [03/Oct/2023:17:20:33 +0300] "GET /favicon.ico HTTP/1.1" 200 20
::1 - - [03/Oct/2023:17:20:36 +0300] "GET /auth?login=Ant&password=aaabbb HTTP/1.1" 200 2
::1 - - [03/Oct/2023:17:20:39 +0300] "GET /auth?login=Ant&password=aaabbb HTTP/1.1" 200 2
::1 - - [03/Oct/2023:17:20:42 +0300] "GET /auth?login=Anton&password=aaabbb HTTP/1.1" 403 9
::1 - - [03/Oct/2023:17:20:48 +0300] "GET /phpmyadmin/index.php?route=/sql&db=testbase&table=users&pos=0 HTTP/1.1" 200 17998
::1 - - [03/Oct/2023:17:20:48 +0300] "POST /phpmyadmin/index.php?route=/config/get HTTP/1.1" 200 1625
::1 - - [03/Oct/2023:17:20:48 +0300] "POST /phpmyadmin/index.php?route=/config/get HTTP/1.1" 200 1717
::1 - - [03/Oct/2023:17:20:48 +0300] "POST /phpmyadmin/index.php?route=/navigation&ajax_request=1 HTTP/1.1" 200 2817
::1 - - [03/Oct/2023:17:20:48 +0300] "GET /phpmyadmin/index.php?route=/recent-table&ajax_request=1&recent_table=1&no_debug=true&_nocache=1696342848462721033&token=2f3b73692a4f5246586b4e6c416e5465 HTTP/1.1" 200 1671
::1 - - [03/Oct/2023:17:20:48 +0300] "POST /phpmyadmin/index.php?route=/config/set HTTP/1.1" 200 1617
::1 - - [03/Oct/2023:17:21:04 +0300] "GET /about HTTP/1.1" 200 5734
::1 - - [03/Oct/2023:17:21:04 +0300] "GET /style.css HTTP/1.1" 200 277
::1 - - [03/Oct/2023:17:21:04 +0300] "GET /avatars/651c232bde83b.png HTTP/1.1" 200 20
::1 - - [03/Oct/2023:17:21:04 +0300] "GET /favicon.ico HTTP/1.1" 200 20
::1 - - [03/Oct/2023:17:21:05 +0300] "GET /favicon.ico HTTP/1.1" 200 20
::1 - - [03/Oct/2023:17:21:19 +0300] "GET /about HTTP/1.1" 200 5732
::1 - - [03/Oct/2023:17:21:19 +0300] "GET /style.css HTTP/1.1" 200 277
::1 - - [03/Oct/2023:17:21:19 +0300] "GET /avatars/651c232bde83b.png HTTP/1.1" 200 20
::1 - - [03/Oct/2023:17:21:19 +0300] "GET /favicon.ico HTTP/1.1" 200 20
::1 - - [03/Oct/2023:17:21:22 +0300] "GET /about HTTP/1.1" 200 5732
::1 - - [03/Oct/2023:17:21:22 +0300] "GET /style.css HTTP/1.1" 200 277
::1 - - [03/Oct/2023:17:21:22 +0300] "GET /avatars/651c232bde83b.png HTTP/1.1" 200 20
::1 - - [03/Oct/2023:17:21:22 +0300] "GET /favicon.ico HTTP/1.1" 200 20
::1 - - [03/Oct/2023:17:21:22 +0300] "GET /about HTTP/1.1" 200 5732
::1 - - [03/Oct/2023:17:21:22 +0300] "GET /style.css HTTP/1.1" 200 277
::1 - - [03/Oct/2023:17:21:22 +0300] "GET /avatars/651c232bde83b.png HTTP/1.1" 200 20
::1 - - [03/Oct/2023:17:21:22 +0300] "GET /favicon.ico HTTP/1.1" 200 20
::1 - - [03/Oct/2023:17:24:20 +0300] "GET /style.css HTTP/1.1" 200 277
::1 - - [03/Oct/2023:17:24:39 +0300] "GET /avatars HTTP/1.1" 301 332
::1 - - [03/Oct/2023:17:24:39 +0300] "GET /avatars/ HTTP/1.1" 403 -
::1 - - [03/Oct/2023:17:24:46 +0300] "GET /avatars/651c232bde83b.png HTTP/1.1" 200 20
::1 - - [03/Oct/2023:17:24:46 +0300] "GET /favicon.ico HTTP/1.1" 200 20
::1 - - [03/Oct/2023:17:24:51 +0300] "GET /about HTTP/1.1" 200 5732
::1 - - [03/Oct/2023:17:24:51 +0300] "GET /favicon.ico HTTP/1.1" 200 20
::1 - - [03/Oct/2023:17:25:03 +0300] "GET /style.css HTTP/1.1" 200 277
::1 - - [03/Oct/2023:17:28:12 +0300] "GET /db HTTP/1.1" 200 7255
::1 - - [03/Oct/2023:17:28:12 +0300] "GET /style.css HTTP/1.1" 200 277
::1 - - [03/Oct/2023:17:28:12 +0300] "GET /avatars/651c232bde83b.png HTTP/1.1" 200 20
::1 - - [03/Oct/2023:17:28:12 +0300] "GET /favicon.ico HTTP/1.1" 200 20
::1 - - [03/Oct/2023:17:28:13 +0300] "GET /db HTTP/1.1" 200 7255
::1 - - [03/Oct/2023:17:28:13 +0300] "GET /style.css HTTP/1.1" 200 277
::1 - - [03/Oct/2023:17:28:13 +0300] "GET /avatars/651c232bde83b.png HTTP/1.1" 200 20
::1 - - [03/Oct/2023:17:28:13 +0300] "GET /favicon.ico HTTP/1.1" 200 20
::1 - - [03/Oct/2023:17:28:13 +0300] "GET /forms HTTP/1.1" 200 5697
::1 - - [03/Oct/2023:17:28:13 +0300] "GET /style.css HTTP/1.1" 200 277
::1 - - [03/Oct/2023:17:28:13 +0300] "GET /avatars/651c232bde83b.png HTTP/1.1" 200 20
::1 - - [03/Oct/2023:17:28:13 +0300] "GET /favicon.ico HTTP/1.1" 200 20
::1 - - [03/Oct/2023:17:28:18 +0300] "POST /phpmyadmin/index.php HTTP/1.1" 200 5874
::1 - - [03/Oct/2023:17:28:18 +0300] "GET /phpmyadmin/index.php?route=/recent-table&ajax_request=1&recent_table=1&no_debug=true&_nocache=1696343298475153177&token=2f3b73692a4f5246586b4e6c416e5465 HTTP/1.1" 200 1671
::1 - - [03/Oct/2023:17:28:32 +0300] "POST /forms HTTP/1.1" 302 172
::1 - - [03/Oct/2023:17:28:32 +0300] "GET /forms HTTP/1.1" 200 5633
::1 - - [03/Oct/2023:17:28:32 +0300] "GET /style.css HTTP/1.1" 200 277
::1 - - [03/Oct/2023:17:28:32 +0300] "GET /favicon.ico HTTP/1.1" 200 20
::1 - - [03/Oct/2023:17:28:35 +0300] "GET / HTTP/1.1" 200 9130
::1 - - [03/Oct/2023:17:28:35 +0300] "GET /style.css HTTP/1.1" 200 277
::1 - - [03/Oct/2023:17:28:35 +0300] "GET /php.png HTTP/1.1" 200 201607
::1 - - [03/Oct/2023:17:28:35 +0300] "GET /favicon.ico HTTP/1.1" 200 20
::1 - - [03/Oct/2023:17:28:44 +0300] "GET /auth?login=ant&password=aaabbb HTTP/1.1" 200 2
::1 - - [03/Oct/2023:17:28:44 +0300] "GET /favicon.ico HTTP/1.1" 200 20
::1 - - [03/Oct/2023:17:28:47 +0300] "GET /auth?login=Anton&password=aaabbb HTTP/1.1" 403 9
::1 - - [03/Oct/2023:17:28:51 +0300] "GET /auth?login=ant&password=aaabbb HTTP/1.1" 200 2
::1 - - [03/Oct/2023:17:28:52 +0300] "GET /auth?login=ant&password=aaabbb HTTP/1.1" 200 2
::1 - - [03/Oct/2023:17:28:53 +0300] "GET / HTTP/1.1" 200 9260
::1 - - [03/Oct/2023:17:28:53 +0300] "GET /style.css HTTP/1.1" 200 277
::1 - - [03/Oct/2023:17:28:53 +0300] "GET /avatars/651c2510ae18a.png HTTP/1.1" 200 20021
::1 - - [03/Oct/2023:17:28:53 +0300] "GET /php.png HTTP/1.1" 200 201607
::1 - - [03/Oct/2023:17:28:53 +0300] "GET /favicon.ico HTTP/1.1" 200 20
::1 - - [03/Oct/2023:17:28:53 +0300] "GET / HTTP/1.1" 200 9260
::1 - - [03/Oct/2023:17:28:53 +0300] "GET /avatars/651c2510ae18a.png HTTP/1.1" 200 20021
::1 - - [03/Oct/2023:17:28:53 +0300] "GET /style.css HTTP/1.1" 200 277
::1 - - [03/Oct/2023:17:28:53 +0300] "GET /php.png HTTP/1.1" 200 201607
::1 - - [03/Oct/2023:17:28:53 +0300] "GET /favicon.ico HTTP/1.1" 200 20
::1 - - [03/Oct/2023:17:28:57 +0300] "GET /favicon.ico HTTP/1.1" 200 20
::1 - - [03/Oct/2023:17:29:25 +0300] "GET /style.css HTTP/1.1" 200 277
::1 - - [03/Oct/2023:17:31:15 +0300] "GET /oop HTTP/1.1" 200 6110
::1 - - [03/Oct/2023:17:31:15 +0300] "GET /style.css HTTP/1.1" 200 277
::1 - - [03/Oct/2023:17:31:15 +0300] "GET /favicon.ico HTTP/1.1" 200 20
::1 - - [03/Oct/2023:17:31:15 +0300] "GET /oop HTTP/1.1" 200 6110
::1 - - [03/Oct/2023:17:31:15 +0300] "GET /style.css HTTP/1.1" 200 277
::1 - - [03/Oct/2023:17:31:15 +0300] "GET /favicon.ico HTTP/1.1" 200 20
::1 - - [03/Oct/2023:17:31:24 +0300] "GET /auth?login=Ant&password=aaabbb HTTP/1.1" 200 2
::1 - - [03/Oct/2023:17:31:24 +0300] "GET /favicon.ico HTTP/1.1" 200 20
::1 - - [03/Oct/2023:17:31:26 +0300] "GET /auth?login=Ant&password=aaabbb HTTP/1.1" 200 2
::1 - - [03/Oct/2023:17:31:26 +0300] "GET /oop HTTP/1.1" 200 6110
::1 - - [03/Oct/2023:17:31:26 +0300] "GET /style.css HTTP/1.1" 200 277
::1 - - [03/Oct/2023:17:31:26 +0300] "GET /favicon.ico HTTP/1.1" 200 20
::1 - - [03/Oct/2023:17:31:27 +0300] "GET /oop HTTP/1.1" 200 6110
::1 - - [03/Oct/2023:17:31:27 +0300] "GET /style.css HTTP/1.1" 200 277
::1 - - [03/Oct/2023:17:31:27 +0300] "GET /favicon.ico HTTP/1.1" 200 20
::1 - - [03/Oct/2023:17:31:27 +0300] "GET /oop HTTP/1.1" 200 6110
::1 - - [03/Oct/2023:17:31:27 +0300] "GET /style.css HTTP/1.1" 200 277
::1 - - [03/Oct/2023:17:31:27 +0300] "GET /favicon.ico HTTP/1.1" 200 20
::1 - - [03/Oct/2023:17:31:35 +0300] "GET /auth?login=ant&password=aaabbb HTTP/1.1" 200 2
::1 - - [03/Oct/2023:17:31:37 +0300] "GET /auth?login=ant&password=aaabbb HTTP/1.1" 200 2
::1 - - [03/Oct/2023:17:31:40 +0300] "GET /auth?login=Anton&password=aaabbb HTTP/1.1" 403 9
::1 - - [03/Oct/2023:17:31:44 +0300] "GET /auth?login=ant&password=aaabbb HTTP/1.1" 200 2
::1 - - [03/Oct/2023:17:31:45 +0300] "GET /oop HTTP/1.1" 200 6110
::1 - - [03/Oct/2023:17:31:45 +0300] "GET /style.css HTTP/1.1" 200 277
::1 - - [03/Oct/2023:17:31:45 +0300] "GET /favicon.ico HTTP/1.1" 200 20
::1 - - [03/Oct/2023:17:31:46 +0300] "GET /oop HTTP/1.1" 200 6110
::1 - - [03/Oct/2023:17:31:46 +0300] "GET /style.css HTTP/1.1" 200 277
::1 - - [03/Oct/2023:17:31:46 +0300] "GET /favicon.ico HTTP/1.1" 200 20
::1 - - [03/Oct/2023:17:31:46 +0300] "GET /oop HTTP/1.1" 200 6110
::1 - - [03/Oct/2023:17:31:46 +0300] "GET /style.css HTTP/1.1" 200 277
::1 - - [03/Oct/2023:17:31:46 +0300] "GET /favicon.ico HTTP/1.1" 200 20
::1 - - [03/Oct/2023:17:31:47 +0300] "GET /oop HTTP/1.1" 200 6110
::1 - - [03/Oct/2023:17:31:47 +0300] "GET /style.css HTTP/1.1" 200 277
::1 - - [03/Oct/2023:17:31:47 +0300] "GET /favicon.ico HTTP/1.1" 200 20
::1 - - [03/Oct/2023:17:31:47 +0300] "GET /oop HTTP/1.1" 200 6110
::1 - - [03/Oct/2023:17:31:47 +0300] "GET /style.css HTTP/1.1" 200 277
::1 - - [03/Oct/2023:17:31:47 +0300] "GET /favicon.ico HTTP/1.1" 200 20
::1 - - [03/Oct/2023:17:31:47 +0300] "GET /oop HTTP/1.1" 200 6110
::1 - - [03/Oct/2023:17:31:47 +0300] "GET /style.css HTTP/1.1" 200 277
::1 - - [03/Oct/2023:17:31:47 +0300] "GET /favicon.ico HTTP/1.1" 200 20
::1 - - [03/Oct/2023:17:31:53 +0300] "GET /auth?login=ant&password=aaabbb HTTP/1.1" 200 2
::1 - - [03/Oct/2023:17:31:53 +0300] "GET /auth?login=ant&password=aaabbb HTTP/1.1" 200 2
::1 - - [03/Oct/2023:17:31:54 +0300] "GET /auth?login=ant&password=aaabbb HTTP/1.1" 200 2
::1 - - [03/Oct/2023:17:31:55 +0300] "GET /oop HTTP/1.1" 200 6110
::1 - - [03/Oct/2023:17:31:55 +0300] "GET /style.css HTTP/1.1" 200 277
::1 - - [03/Oct/2023:17:31:55 +0300] "GET /favicon.ico HTTP/1.1" 200 20
::1 - - [03/Oct/2023:17:31:56 +0300] "GET / HTTP/1.1" 200 9220
::1 - - [03/Oct/2023:17:31:56 +0300] "GET /style.css HTTP/1.1" 200 277
::1 - - [03/Oct/2023:17:31:56 +0300] "GET /avatars/651c2510ae18a.png HTTP/1.1" 200 20021
::1 - - [03/Oct/2023:17:31:56 +0300] "GET /php.png HTTP/1.1" 200 201607
::1 - - [03/Oct/2023:17:31:56 +0300] "GET /favicon.ico HTTP/1.1" 200 20
::1 - - [03/Oct/2023:17:31:57 +0300] "GET / HTTP/1.1" 200 9258
::1 - - [03/Oct/2023:17:31:57 +0300] "GET /style.css HTTP/1.1" 200 277
::1 - - [03/Oct/2023:17:31:57 +0300] "GET /avatars/651c2510ae18a.png HTTP/1.1" 200 20021
::1 - - [03/Oct/2023:17:31:57 +0300] "GET /php.png HTTP/1.1" 200 201607
::1 - - [03/Oct/2023:17:31:57 +0300] "GET /favicon.ico HTTP/1.1" 200 20
::1 - - [03/Oct/2023:17:31:57 +0300] "GET /about HTTP/1.1" 200 5732
::1 - - [03/Oct/2023:17:31:58 +0300] "GET /style.css HTTP/1.1" 200 277
::1 - - [03/Oct/2023:17:31:58 +0300] "GET /avatars/651c2510ae18a.png HTTP/1.1" 200 20021
::1 - - [03/Oct/2023:17:31:58 +0300] "GET /favicon.ico HTTP/1.1" 200 20
::1 - - [03/Oct/2023:17:31:58 +0300] "GET /forms HTTP/1.1" 200 5697
::1 - - [03/Oct/2023:17:31:58 +0300] "GET /style.css HTTP/1.1" 200 277
::1 - - [03/Oct/2023:17:31:58 +0300] "GET /avatars/651c2510ae18a.png HTTP/1.1" 200 20021
::1 - - [03/Oct/2023:17:31:58 +0300] "GET /favicon.ico HTTP/1.1" 200 20
::1 - - [03/Oct/2023:17:31:59 +0300] "GET /db HTTP/1.1" 200 7255
::1 - - [03/Oct/2023:17:31:59 +0300] "GET /style.css HTTP/1.1" 200 277
::1 - - [03/Oct/2023:17:31:59 +0300] "GET /avatars/651c2510ae18a.png HTTP/1.1" 200 20021
::1 - - [03/Oct/2023:17:31:59 +0300] "GET /favicon.ico HTTP/1.1" 200 20
::1 - - [03/Oct/2023:17:31:59 +0300] "GET /oop HTTP/1.1" 200 6110
::1 - - [03/Oct/2023:17:31:59 +0300] "GET /style.css HTTP/1.1" 200 277
::1 - - [03/Oct/2023:17:31:59 +0300] "GET /favicon.ico HTTP/1.1" 200 20
::1 - - [03/Oct/2023:17:32:09 +0300] "GET /oop HTTP/1.1" 200 6110
::1 - - [03/Oct/2023:17:32:09 +0300] "GET /style.css HTTP/1.1" 200 277
::1 - - [03/Oct/2023:17:32:09 +0300] "GET /favicon.ico HTTP/1.1" 200 20
::1 - - [03/Oct/2023:17:32:10 +0300] "GET /db HTTP/1.1" 200 7255
::1 - - [03/Oct/2023:17:32:10 +0300] "GET /style.css HTTP/1.1" 200 277
::1 - - [03/Oct/2023:17:32:10 +0300] "GET /avatars/651c2510ae18a.png HTTP/1.1" 200 20021
::1 - - [03/Oct/2023:17:32:10 +0300] "GET /favicon.ico HTTP/1.1" 200 20
::1 - - [03/Oct/2023:17:32:11 +0300] "GET /forms HTTP/1.1" 200 5697
::1 - - [03/Oct/2023:17:32:11 +0300] "GET /style.css HTTP/1.1" 200 277
::1 - - [03/Oct/2023:17:32:11 +0300] "GET /avatars/651c2510ae18a.png HTTP/1.1" 200 20021
::1 - - [03/Oct/2023:17:32:11 +0300] "GET /favicon.ico HTTP/1.1" 200 20
::1 - - [03/Oct/2023:17:32:11 +0300] "GET /about HTTP/1.1" 200 5732
::1 - - [03/Oct/2023:17:32:11 +0300] "GET /style.css HTTP/1.1" 200 277
::1 - - [03/Oct/2023:17:32:11 +0300] "GET /avatars/651c2510ae18a.png HTTP/1.1" 200 20021
::1 - - [03/Oct/2023:17:32:11 +0300] "GET /favicon.ico HTTP/1.1" 200 20
::1 - - [03/Oct/2023:17:32:12 +0300] "GET /favicon.ico HTTP/1.1" 200 20
::1 - - [03/Oct/2023:17:32:12 +0300] "GET /about HTTP/1.1" 200 5732
::1 - - [03/Oct/2023:17:32:12 +0300] "GET /style.css HTTP/1.1" 200 277
::1 - - [03/Oct/2023:17:32:12 +0300] "GET /avatars/651c2510ae18a.png HTTP/1.1" 200 20021
::1 - - [03/Oct/2023:17:32:12 +0300] "GET /favicon.ico HTTP/1.1" 200 20
::1 - - [03/Oct/2023:17:32:13 +0300] "GET /about HTTP/1.1" 200 5732
::1 - - [03/Oct/2023:17:32:13 +0300] "GET /style.css HTTP/1.1" 200 277
::1 - - [03/Oct/2023:17:32:13 +0300] "GET /avatars/651c2510ae18a.png HTTP/1.1" 200 20021
::1 - - [03/Oct/2023:17:32:13 +0300] "GET /favicon.ico HTTP/1.1" 200 20
::1 - - [03/Oct/2023:17:32:13 +0300] "GET /about HTTP/1.1" 200 5732
::1 - - [03/Oct/2023:17:32:13 +0300] "GET /style.css HTTP/1.1" 200 277
::1 - - [03/Oct/2023:17:32:13 +0300] "GET /avatars/651c2510ae18a.png HTTP/1.1" 200 20021
::1 - - [03/Oct/2023:17:32:13 +0300] "GET /favicon.ico HTTP/1.1" 200 20
::1 - - [03/Oct/2023:17:32:13 +0300] "GET /about HTTP/1.1" 200 5732
::1 - - [03/Oct/2023:17:32:13 +0300] "GET /style.css HTTP/1.1" 200 277
::1 - - [03/Oct/2023:17:32:13 +0300] "GET /avatars/651c2510ae18a.png HTTP/1.1" 200 20021
::1 - - [03/Oct/2023:17:32:13 +0300] "GET /favicon.ico HTTP/1.1" 200 20
::1 - - [03/Oct/2023:17:32:16 +0300] "GET /style.css HTTP/1.1" 200 277
